#
# There is insufficient memory for the Java Runtime Environment to continue.
# Native memory allocation (mmap) failed to map 111149056 bytes for Failed to commit area from 0x00000000c8d00000 to 0x00000000cf700000 of length 111149056.
# Possible reasons:
#   The system is out of physical RAM or swap space
#   The process is running with CompressedOops enabled, and the Java Heap may be blocking the growth of the native heap
# Possible solutions:
#   Reduce memory load on the system
#   Increase physical memory or swap space
#   Check if swap backing store is full
#   Decrease Java heap size (-Xmx/-Xms)
#   Decrease number of Java threads
#   Decrease Java thread stack sizes (-Xss)
#   Set larger code cache with -XX:ReservedCodeCacheSize=
#   JVM is running with Unscaled Compressed Oops mode in which the Java heap is
#     placed in the first 4GB address space. The Java Heap base address is the
#     maximum limit for the native heap growth. Please use -XX:HeapBaseMinAddress
#     to set the Java Heap base and to place the Java Heap above 4GB virtual address.
# This output file may be truncated or incomplete.
#
#  Out of Memory Error (./open/src/hotspot/os/windows/os_windows.cpp:3287), pid=19808, tid=12552
#
# JRE version: Java(TM) SE Runtime Environment 18.9 (11.0.15.1+2) (build 11.0.15.1+2-LTS-10)
# Java VM: Java HotSpot(TM) 64-Bit Server VM 18.9 (11.0.15.1+2-LTS-10, mixed mode, tiered, compressed oops, g1 gc, windows-amd64)
# No core dump will be written. Minidumps are not enabled by default on client versions of Windows
#

---------------  S U M M A R Y ------------

Command Line: -Dfile.encoding=Cp1252 akash.finalproject.SuperBondMain

Host: Intel(R) Core(TM) i3-3110M CPU @ 2.40GHz, 4 cores, 3G,  Windows 10 , 64 bit Build 19041 (10.0.19041.1023)
Time: Fri Jun 10 23:44:56 2022 India Standard Time elapsed time: 4068.140134 seconds (0d 1h 7m 48s)

---------------  T H R E A D  ---------------

Current thread (0x0000015e51d78800):  VMThread "VM Thread" [stack: 0x0000001a44500000,0x0000001a44600000] [id=12552]

Stack: [0x0000001a44500000,0x0000001a44600000]
[error occurred during error reporting (printing stack bounds), id 0xc0000005, EXCEPTION_ACCESS_VIOLATION (0xc0000005) at pc=0x0000015e3d4a0f2d]

Native frames: (J=compiled Java code, j=interpreted, Vv=VM code, C=native code)
V  [jvm.dll+0x629d8a]
V  [jvm.dll+0x7638ff]
V  [jvm.dll+0x764fa9]
V  [jvm.dll+0x765595]
V  [jvm.dll+0x76554b]
V  [jvm.dll+0x629273]
V  [jvm.dll+0x629988]
C  [ntdll.dll+0xa217f]
C  [ntdll.dll+0x51454]
C  [ntdll.dll+0xa0cae]
C  0x0000015e3d4a0f2d

VM_Operation (0x0000001a43f65f80): G1CollectForAllocation, mode: safepoint, requested by thread 0x0000015e345f5000


---------------  P R O C E S S  ---------------

Threads class SMR info:
_java_thread_list=0x0000015e52086a10, length=10, elements={
0x0000015e345f5000, 0x0000015e51d7d800, 0x0000015e51da7000, 0x0000015e51e11800,
0x0000015e51e14000, 0x0000015e51e17000, 0x0000015e51dbf000, 0x0000015e51e23800,
0x0000015e51f7d000, 0x0000015e520b3800
}

Java Threads: ( => current thread )
  0x0000015e345f5000 JavaThread "main" [_thread_blocked, id=19852, stack(0x0000001a43f00000,0x0000001a44000000)]
  0x0000015e51d7d800 JavaThread "Reference Handler" daemon [_thread_blocked, id=20564, stack(0x0000001a44600000,0x0000001a44700000)]
  0x0000015e51da7000 JavaThread "Finalizer" daemon [_thread_blocked, id=20544, stack(0x0000001a44700000,0x0000001a44800000)]
  0x0000015e51e11800 JavaThread "Signal Dispatcher" daemon [_thread_blocked, id=20572, stack(0x0000001a44800000,0x0000001a44900000)]
  0x0000015e51e14000 JavaThread "Attach Listener" daemon [_thread_blocked, id=20548, stack(0x0000001a44900000,0x0000001a44a00000)]
  0x0000015e51e17000 JavaThread "Service Thread" daemon [_thread_blocked, id=20528, stack(0x0000001a44a00000,0x0000001a44b00000)]
  0x0000015e51dbf000 JavaThread "C2 CompilerThread0" daemon [_thread_blocked, id=21252, stack(0x0000001a44b00000,0x0000001a44c00000)]
  0x0000015e51e23800 JavaThread "C1 CompilerThread0" daemon [_thread_blocked, id=21260, stack(0x0000001a44c00000,0x0000001a44d00000)]
  0x0000015e51f7d000 JavaThread "Sweeper thread" daemon [_thread_blocked, id=21256, stack(0x0000001a44d00000,0x0000001a44e00000)]
  0x0000015e520b3800 JavaThread "Common-Cleaner" daemon [_thread_blocked, id=19924, stack(0x0000001a44f00000,0x0000001a45000000)]

Other Threads:
=>0x0000015e51d78800 VMThread "VM Thread" [stack: 0x0000001a44500000,0x0000001a44600000] [id=12552]
  0x0000015e520b3000 WatcherThread [stack: 0x0000001a44e00000,0x0000001a44f00000] [id=19600]
  0x0000015e3460b800 GCTaskThread "GC Thread#0" [stack: 0x0000001a44000000,0x0000001a44100000] [id=7108]
  0x0000015e51db2800 GCTaskThread "GC Thread#1" [stack: 0x0000001a43c00000,0x0000001a43d00000] [id=20240]
  0x0000015e34629000 ConcurrentGCThread "G1 Main Marker" [stack: 0x0000001a44100000,0x0000001a44200000] [id=18288]
  0x0000015e3462e800 ConcurrentGCThread "G1 Conc#0" [stack: 0x0000001a44200000,0x0000001a44300000] [id=11648]
  0x0000015e34685800 ConcurrentGCThread "G1 Refine#0" [stack: 0x0000001a44300000,0x0000001a44400000] [id=19692]
  0x0000015e52236000 ConcurrentGCThread "G1 Refine#1" [stack: 0x0000001a43d00000,0x0000001a43e00000] [id=21684]
  0x0000015e51f4d800 ConcurrentGCThread "G1 Refine#2" [stack: 0x0000001a43e00000,0x0000001a43f00000] [id=20028]
  0x0000015e34687000 ConcurrentGCThread "G1 Young RemSet Sampling" [stack: 0x0000001a44400000,0x0000001a44500000] [id=5396]

Threads with active compile tasks:

VM state:at safepoint (normal execution)

VM Mutex/Monitor currently owned by a thread:  ([mutex/lock_event])
[0x0000015e345f3ef0] Threads_lock - owner thread: 0x0000015e51d78800
[0x0000015e345f4b50] Heap_lock - owner thread: 0x0000015e345f5000

Heap address: 0x00000000c1a00000, size: 998 MB, Compressed Oops mode: 32-bit
Narrow klass base: 0x0000000000000000, Narrow klass shift: 3
Compressed class space size: 1073741824 Address: 0x0000000100000000

Heap:
 garbage-first heap   total 226304K, used 56643K [0x00000000c1a00000, 0x0000000100000000)
  region size 1024K, 2 young (2048K), 2 survivors (2048K)
 Metaspace       used 6176K, capacity 6300K, committed 6528K, reserved 1056768K
  class space    used 504K, capacity 543K, committed 640K, reserved 1048576K
Heap Regions: E=young(eden), S=young(survivor), O=old, HS=humongous(starts), HC=humongous(continues), CS=collection set, F=free, A=archive, TAMS=top-at-mark-start (previous, next)
|   0|0x00000000c1a00000, 0x00000000c1b00000, 0x00000000c1b00000|100%| O|  |TAMS 0x00000000c1b00000, 0x00000000c1a00000| Untracked 
|   1|0x00000000c1b00000, 0x00000000c1c00000, 0x00000000c1c00000|100%| O|  |TAMS 0x00000000c1c00000, 0x00000000c1b00000| Untracked 
|   2|0x00000000c1c00000, 0x00000000c1d00000, 0x00000000c1d00000|100%| O|  |TAMS 0x00000000c1d00000, 0x00000000c1c00000| Untracked 
|   3|0x00000000c1d00000, 0x00000000c1e00000, 0x00000000c1e00000|100%| O|  |TAMS 0x00000000c1e00000, 0x00000000c1d00000| Untracked 
|   4|0x00000000c1e00000, 0x00000000c1f00000, 0x00000000c1f00000|100%| O|  |TAMS 0x00000000c1f00000, 0x00000000c1e00000| Untracked 
|   5|0x00000000c1f00000, 0x00000000c2000000, 0x00000000c2000000|100%| O|  |TAMS 0x00000000c2000000, 0x00000000c1f00000| Untracked 
|   6|0x00000000c2000000, 0x00000000c2100000, 0x00000000c2100000|100%| O|  |TAMS 0x00000000c2100000, 0x00000000c2000000| Untracked 
|   7|0x00000000c2100000, 0x00000000c2200000, 0x00000000c2200000|100%| O|  |TAMS 0x00000000c2200000, 0x00000000c2100000| Untracked 
|   8|0x00000000c2200000, 0x00000000c2300000, 0x00000000c2300000|100%| O|  |TAMS 0x00000000c2300000, 0x00000000c2200000| Untracked 
|   9|0x00000000c2300000, 0x00000000c2400000, 0x00000000c2400000|100%| O|  |TAMS 0x00000000c2400000, 0x00000000c2300000| Untracked 
|  10|0x00000000c2400000, 0x00000000c2500000, 0x00000000c2500000|100%| O|  |TAMS 0x00000000c2500000, 0x00000000c2400000| Untracked 
|  11|0x00000000c2500000, 0x00000000c2600000, 0x00000000c2600000|100%| O|  |TAMS 0x00000000c2600000, 0x00000000c2500000| Untracked 
|  12|0x00000000c2600000, 0x00000000c2700000, 0x00000000c2700000|100%| O|  |TAMS 0x00000000c2700000, 0x00000000c2600000| Untracked 
|  13|0x00000000c2700000, 0x00000000c2800000, 0x00000000c2800000|100%| O|  |TAMS 0x00000000c2800000, 0x00000000c2700000| Untracked 
|  14|0x00000000c2800000, 0x00000000c2900000, 0x00000000c2900000|100%| O|  |TAMS 0x00000000c2900000, 0x00000000c2800000| Untracked 
|  15|0x00000000c2900000, 0x00000000c2a00000, 0x00000000c2a00000|100%| O|  |TAMS 0x00000000c2a00000, 0x00000000c2900000| Untracked 
|  16|0x00000000c2a00000, 0x00000000c2b00000, 0x00000000c2b00000|100%| O|  |TAMS 0x00000000c2b00000, 0x00000000c2a00000| Untracked 
|  17|0x00000000c2b00000, 0x00000000c2c00000, 0x00000000c2c00000|100%| O|  |TAMS 0x00000000c2c00000, 0x00000000c2b00000| Untracked 
|  18|0x00000000c2c00000, 0x00000000c2d00000, 0x00000000c2d00000|100%| O|  |TAMS 0x00000000c2d00000, 0x00000000c2c00000| Untracked 
|  19|0x00000000c2d00000, 0x00000000c2e00000, 0x00000000c2e00000|100%| O|  |TAMS 0x00000000c2e00000, 0x00000000c2d00000| Untracked 
|  20|0x00000000c2e00000, 0x00000000c2f00000, 0x00000000c2f00000|100%| O|  |TAMS 0x00000000c2f00000, 0x00000000c2e00000| Untracked 
|  21|0x00000000c2f00000, 0x00000000c3000000, 0x00000000c3000000|100%| O|  |TAMS 0x00000000c3000000, 0x00000000c2f00000| Untracked 
|  22|0x00000000c3000000, 0x00000000c3100000, 0x00000000c3100000|100%| O|  |TAMS 0x00000000c3100000, 0x00000000c3000000| Untracked 
|  23|0x00000000c3100000, 0x00000000c3200000, 0x00000000c3200000|100%| O|  |TAMS 0x00000000c3200000, 0x00000000c3100000| Untracked 
|  24|0x00000000c3200000, 0x00000000c3300000, 0x00000000c3300000|100%| O|  |TAMS 0x00000000c3300000, 0x00000000c3200000| Untracked 
|  25|0x00000000c3300000, 0x00000000c3400000, 0x00000000c3400000|100%| O|  |TAMS 0x00000000c3400000, 0x00000000c3300000| Untracked 
|  26|0x00000000c3400000, 0x00000000c3500000, 0x00000000c3500000|100%| O|  |TAMS 0x00000000c3500000, 0x00000000c3400000| Untracked 
|  27|0x00000000c3500000, 0x00000000c3600000, 0x00000000c3600000|100%| O|  |TAMS 0x00000000c3600000, 0x00000000c3500000| Untracked 
|  28|0x00000000c3600000, 0x00000000c3700000, 0x00000000c3700000|100%| O|  |TAMS 0x00000000c3700000, 0x00000000c3600000| Untracked 
|  29|0x00000000c3700000, 0x00000000c3800000, 0x00000000c3800000|100%| O|  |TAMS 0x00000000c3800000, 0x00000000c3700000| Untracked 
|  30|0x00000000c3800000, 0x00000000c3900000, 0x00000000c3900000|100%| O|  |TAMS 0x00000000c3900000, 0x00000000c3800000| Untracked 
|  31|0x00000000c3900000, 0x00000000c3a00000, 0x00000000c3a00000|100%| O|  |TAMS 0x00000000c3a00000, 0x00000000c3900000| Untracked 
|  32|0x00000000c3a00000, 0x00000000c3b00000, 0x00000000c3b00000|100%| O|  |TAMS 0x00000000c3b00000, 0x00000000c3a00000| Untracked 
|  33|0x00000000c3b00000, 0x00000000c3c00000, 0x00000000c3c00000|100%| O|  |TAMS 0x00000000c3c00000, 0x00000000c3b00000| Untracked 
|  34|0x00000000c3c00000, 0x00000000c3d00000, 0x00000000c3d00000|100%| O|  |TAMS 0x00000000c3d00000, 0x00000000c3c00000| Untracked 
|  35|0x00000000c3d00000, 0x00000000c3e00000, 0x00000000c3e00000|100%| O|  |TAMS 0x00000000c3e00000, 0x00000000c3d00000| Untracked 
|  36|0x00000000c3e00000, 0x00000000c3f00000, 0x00000000c3f00000|100%| O|  |TAMS 0x00000000c3f00000, 0x00000000c3e00000| Untracked 
|  37|0x00000000c3f00000, 0x00000000c4000000, 0x00000000c4000000|100%| O|  |TAMS 0x00000000c4000000, 0x00000000c3f00000| Untracked 
|  38|0x00000000c4000000, 0x00000000c4100000, 0x00000000c4100000|100%| O|  |TAMS 0x00000000c4100000, 0x00000000c4000000| Untracked 
|  39|0x00000000c4100000, 0x00000000c4200000, 0x00000000c4200000|100%| O|  |TAMS 0x00000000c4200000, 0x00000000c4100000| Untracked 
|  40|0x00000000c4200000, 0x00000000c4300000, 0x00000000c4300000|100%| O|  |TAMS 0x00000000c4300000, 0x00000000c4200000| Untracked 
|  41|0x00000000c4300000, 0x00000000c4400000, 0x00000000c4400000|100%| O|  |TAMS 0x00000000c4400000, 0x00000000c4300000| Untracked 
|  42|0x00000000c4400000, 0x00000000c4500000, 0x00000000c4500000|100%| O|  |TAMS 0x00000000c4500000, 0x00000000c4400000| Untracked 
|  43|0x00000000c4500000, 0x00000000c4600000, 0x00000000c4600000|100%| O|  |TAMS 0x00000000c4600000, 0x00000000c4500000| Untracked 
|  44|0x00000000c4600000, 0x00000000c4700000, 0x00000000c4700000|100%| O|  |TAMS 0x00000000c4700000, 0x00000000c4600000| Untracked 
|  45|0x00000000c4700000, 0x00000000c4800000, 0x00000000c4800000|100%| O|  |TAMS 0x00000000c4800000, 0x00000000c4700000| Untracked 
|  46|0x00000000c4800000, 0x00000000c4900000, 0x00000000c4900000|100%| O|  |TAMS 0x00000000c4900000, 0x00000000c4800000| Untracked 
|  47|0x00000000c4900000, 0x00000000c4a00000, 0x00000000c4a00000|100%| O|  |TAMS 0x00000000c4a00000, 0x00000000c4900000| Untracked 
|  48|0x00000000c4a00000, 0x00000000c4b00000, 0x00000000c4b00000|100%| O|  |TAMS 0x00000000c4b00000, 0x00000000c4a00000| Untracked 
|  49|0x00000000c4b00000, 0x00000000c4c00000, 0x00000000c4c00000|100%| O|  |TAMS 0x00000000c4c00000, 0x00000000c4b00000| Untracked 
|  50|0x00000000c4c00000, 0x00000000c4d00000, 0x00000000c4d00000|100%| O|  |TAMS 0x00000000c4d00000, 0x00000000c4c00000| Untracked 
|  51|0x00000000c4d00000, 0x00000000c4e00000, 0x00000000c4e00000|100%| O|  |TAMS 0x00000000c4e00000, 0x00000000c4d00000| Untracked 
|  52|0x00000000c4e00000, 0x00000000c4f00000, 0x00000000c4f00000|100%| O|  |TAMS 0x00000000c4ead600, 0x00000000c4e00000| Untracked 
|  53|0x00000000c4f00000, 0x00000000c4ff6000, 0x00000000c5000000| 96%| O|  |TAMS 0x00000000c4f00000, 0x00000000c4f00000| Untracked 
|  54|0x00000000c5000000, 0x00000000c5000000, 0x00000000c5100000|  0%| F|  |TAMS 0x00000000c5000000, 0x00000000c5000000| Untracked 
|  55|0x00000000c5100000, 0x00000000c5100000, 0x00000000c5200000|  0%| F|  |TAMS 0x00000000c5100000, 0x00000000c5100000| Untracked 
|  56|0x00000000c5200000, 0x00000000c5200000, 0x00000000c5300000|  0%| F|  |TAMS 0x00000000c5200000, 0x00000000c5200000| Untracked 
|  57|0x00000000c5300000, 0x00000000c5300000, 0x00000000c5400000|  0%| F|  |TAMS 0x00000000c5300000, 0x00000000c5300000| Untracked 
|  58|0x00000000c5400000, 0x00000000c5400000, 0x00000000c5500000|  0%| F|  |TAMS 0x00000000c5400000, 0x00000000c5400000| Untracked 
|  59|0x00000000c5500000, 0x00000000c5500000, 0x00000000c5600000|  0%| F|  |TAMS 0x00000000c5500000, 0x00000000c5500000| Untracked 
|  60|0x00000000c5600000, 0x00000000c5600000, 0x00000000c5700000|  0%| F|  |TAMS 0x00000000c5600000, 0x00000000c5600000| Untracked 
|  61|0x00000000c5700000, 0x00000000c5700000, 0x00000000c5800000|  0%| F|  |TAMS 0x00000000c5700000, 0x00000000c5700000| Untracked 
|  62|0x00000000c5800000, 0x00000000c5800000, 0x00000000c5900000|  0%| F|  |TAMS 0x00000000c5800000, 0x00000000c5800000| Untracked 
|  63|0x00000000c5900000, 0x00000000c5900000, 0x00000000c5a00000|  0%| F|  |TAMS 0x00000000c5900000, 0x00000000c5900000| Untracked 
|  64|0x00000000c5a00000, 0x00000000c5a00000, 0x00000000c5b00000|  0%| F|  |TAMS 0x00000000c5a00000, 0x00000000c5a00000| Untracked 
|  65|0x00000000c5b00000, 0x00000000c5b00000, 0x00000000c5c00000|  0%| F|  |TAMS 0x00000000c5b00000, 0x00000000c5b00000| Untracked 
|  66|0x00000000c5c00000, 0x00000000c5c00000, 0x00000000c5d00000|  0%| F|  |TAMS 0x00000000c5c00000, 0x00000000c5c00000| Untracked 
|  67|0x00000000c5d00000, 0x00000000c5d00000, 0x00000000c5e00000|  0%| F|  |TAMS 0x00000000c5d00000, 0x00000000c5d00000| Untracked 
|  68|0x00000000c5e00000, 0x00000000c5e00000, 0x00000000c5f00000|  0%| F|  |TAMS 0x00000000c5e00000, 0x00000000c5e00000| Untracked 
|  69|0x00000000c5f00000, 0x00000000c5f00000, 0x00000000c6000000|  0%| F|  |TAMS 0x00000000c5f00000, 0x00000000c5f00000| Untracked 
|  70|0x00000000c6000000, 0x00000000c6000000, 0x00000000c6100000|  0%| F|  |TAMS 0x00000000c6000000, 0x00000000c6000000| Untracked 
|  71|0x00000000c6100000, 0x00000000c6100000, 0x00000000c6200000|  0%| F|  |TAMS 0x00000000c6100000, 0x00000000c6100000| Untracked 
|  72|0x00000000c6200000, 0x00000000c6200000, 0x00000000c6300000|  0%| F|  |TAMS 0x00000000c6200000, 0x00000000c6200000| Untracked 
|  73|0x00000000c6300000, 0x00000000c6300000, 0x00000000c6400000|  0%| F|  |TAMS 0x00000000c6300000, 0x00000000c6300000| Untracked 
|  74|0x00000000c6400000, 0x00000000c6400000, 0x00000000c6500000|  0%| F|  |TAMS 0x00000000c6400000, 0x00000000c6400000| Untracked 
|  75|0x00000000c6500000, 0x00000000c6500000, 0x00000000c6600000|  0%| F|  |TAMS 0x00000000c6500000, 0x00000000c6500000| Untracked 
|  76|0x00000000c6600000, 0x00000000c6600000, 0x00000000c6700000|  0%| F|  |TAMS 0x00000000c6600000, 0x00000000c6600000| Untracked 
|  77|0x00000000c6700000, 0x00000000c6700000, 0x00000000c6800000|  0%| F|  |TAMS 0x00000000c6700000, 0x00000000c6700000| Untracked 
|  78|0x00000000c6800000, 0x00000000c6800000, 0x00000000c6900000|  0%| F|  |TAMS 0x00000000c6800000, 0x00000000c6800000| Untracked 
|  79|0x00000000c6900000, 0x00000000c6900000, 0x00000000c6a00000|  0%| F|  |TAMS 0x00000000c6900000, 0x00000000c6900000| Untracked 
|  80|0x00000000c6a00000, 0x00000000c6a00000, 0x00000000c6b00000|  0%| F|  |TAMS 0x00000000c6a00000, 0x00000000c6a00000| Untracked 
|  81|0x00000000c6b00000, 0x00000000c6b00000, 0x00000000c6c00000|  0%| F|  |TAMS 0x00000000c6b00000, 0x00000000c6b00000| Untracked 
|  82|0x00000000c6c00000, 0x00000000c6c00000, 0x00000000c6d00000|  0%| F|  |TAMS 0x00000000c6c00000, 0x00000000c6c00000| Untracked 
|  83|0x00000000c6d00000, 0x00000000c6d00000, 0x00000000c6e00000|  0%| F|  |TAMS 0x00000000c6d00000, 0x00000000c6d00000| Untracked 
|  84|0x00000000c6e00000, 0x00000000c6e00000, 0x00000000c6f00000|  0%| F|  |TAMS 0x00000000c6e00000, 0x00000000c6e00000| Untracked 
|  85|0x00000000c6f00000, 0x00000000c6f00000, 0x00000000c7000000|  0%| F|  |TAMS 0x00000000c6f00000, 0x00000000c6f00000| Untracked 
|  86|0x00000000c7000000, 0x00000000c7000000, 0x00000000c7100000|  0%| F|  |TAMS 0x00000000c7000000, 0x00000000c7000000| Untracked 
|  87|0x00000000c7100000, 0x00000000c7100000, 0x00000000c7200000|  0%| F|  |TAMS 0x00000000c7100000, 0x00000000c7100000| Untracked 
|  88|0x00000000c7200000, 0x00000000c7200000, 0x00000000c7300000|  0%| F|  |TAMS 0x00000000c7200000, 0x00000000c7200000| Untracked 
|  89|0x00000000c7300000, 0x00000000c7300000, 0x00000000c7400000|  0%| F|  |TAMS 0x00000000c7300000, 0x00000000c7300000| Untracked 
|  90|0x00000000c7400000, 0x00000000c7400000, 0x00000000c7500000|  0%| F|  |TAMS 0x00000000c7400000, 0x00000000c7400000| Untracked 
|  91|0x00000000c7500000, 0x00000000c7500000, 0x00000000c7600000|  0%| F|  |TAMS 0x00000000c7500000, 0x00000000c7500000| Untracked 
|  92|0x00000000c7600000, 0x00000000c7600000, 0x00000000c7700000|  0%| F|  |TAMS 0x00000000c7600000, 0x00000000c7600000| Untracked 
|  93|0x00000000c7700000, 0x00000000c7700000, 0x00000000c7800000|  0%| F|  |TAMS 0x00000000c7700000, 0x00000000c7700000| Untracked 
|  94|0x00000000c7800000, 0x00000000c7800000, 0x00000000c7900000|  0%| F|  |TAMS 0x00000000c7800000, 0x00000000c7800000| Untracked 
|  95|0x00000000c7900000, 0x00000000c7900000, 0x00000000c7a00000|  0%| F|  |TAMS 0x00000000c7900000, 0x00000000c7900000| Untracked 
|  96|0x00000000c7a00000, 0x00000000c7a00000, 0x00000000c7b00000|  0%| F|  |TAMS 0x00000000c7a00000, 0x00000000c7a00000| Untracked 
|  97|0x00000000c7b00000, 0x00000000c7b00000, 0x00000000c7c00000|  0%| F|  |TAMS 0x00000000c7b00000, 0x00000000c7b00000| Untracked 
|  98|0x00000000c7c00000, 0x00000000c7c00000, 0x00000000c7d00000|  0%| F|  |TAMS 0x00000000c7c00000, 0x00000000c7c00000| Untracked 
|  99|0x00000000c7d00000, 0x00000000c7d5afa8, 0x00000000c7e00000| 35%| S|CS|TAMS 0x00000000c7d00000, 0x00000000c7d00000| Complete 
| 100|0x00000000c7e00000, 0x00000000c7e00000, 0x00000000c7f00000|  0%| F|  |TAMS 0x00000000c7e00000, 0x00000000c7e00000| Untracked 
| 101|0x00000000c7f00000, 0x00000000c7f00000, 0x00000000c8000000|  0%| F|  |TAMS 0x00000000c7f00000, 0x00000000c7f00000| Untracked 
| 102|0x00000000c8000000, 0x00000000c8100000, 0x00000000c8100000|100%| S|CS|TAMS 0x00000000c8000000, 0x00000000c8000000| Complete 
| 103|0x00000000c8100000, 0x00000000c8100000, 0x00000000c8200000|  0%| F|  |TAMS 0x00000000c8100000, 0x00000000c8100000| Untracked 
| 104|0x00000000c8200000, 0x00000000c8200000, 0x00000000c8300000|  0%| F|  |TAMS 0x00000000c8200000, 0x00000000c8200000| Untracked 
| 105|0x00000000c8300000, 0x00000000c8300000, 0x00000000c8400000|  0%| F|  |TAMS 0x00000000c8300000, 0x00000000c8300000| Untracked 
| 106|0x00000000c8400000, 0x00000000c8400000, 0x00000000c8500000|  0%| F|  |TAMS 0x00000000c8400000, 0x00000000c8400000| Untracked 
| 107|0x00000000c8500000, 0x00000000c8500000, 0x00000000c8600000|  0%| F|  |TAMS 0x00000000c8500000, 0x00000000c8500000| Untracked 
| 108|0x00000000c8600000, 0x00000000c8600000, 0x00000000c8700000|  0%| F|  |TAMS 0x00000000c8600000, 0x00000000c8600000| Untracked 
| 109|0x00000000c8700000, 0x00000000c8700000, 0x00000000c8800000|  0%| F|  |TAMS 0x00000000c8700000, 0x00000000c8700000| Untracked 
| 110|0x00000000c8800000, 0x00000000c8800000, 0x00000000c8900000|  0%| F|  |TAMS 0x00000000c8800000, 0x00000000c8800000| Untracked 
| 111|0x00000000c8900000, 0x00000000c8900000, 0x00000000c8a00000|  0%| F|  |TAMS 0x00000000c8900000, 0x00000000c8900000| Untracked 
| 112|0x00000000c8a00000, 0x00000000c8a00000, 0x00000000c8b00000|  0%| F|  |TAMS 0x00000000c8a00000, 0x00000000c8a00000| Untracked 
| 113|0x00000000c8b00000, 0x00000000c8b00000, 0x00000000c8c00000|  0%| F|  |TAMS 0x00000000c8b00000, 0x00000000c8b00000| Untracked 
| 114|0x00000000c8c00000, 0x00000000c8c00000, 0x00000000c8d00000|  0%| F|  |TAMS 0x00000000c8c00000, 0x00000000c8c00000| Untracked 

Card table byte_map: [0x0000015e4ccc0000,0x0000015e4cec0000] _byte_map_base: 0x0000015e4c6b3000

Marking Bits (Prev, Next): (CMBitMap*) 0x0000015e346244c8, (CMBitMap*) 0x0000015e34624500
 Prev Bits: [0x0000015e4d0c0000, 0x0000015e4e058000)
 Next Bits: [0x0000015e4e060000, 0x0000015e4eff8000)

Polling page: 0x0000015e34460000

Metaspace:

Usage:
  Non-class:      5.62 MB capacity,     5.54 MB ( 99%) used,    81.01 KB (  1%) free+waste,     4.13 KB ( <1%) overhead. 
      Class:    543.00 KB capacity,   504.21 KB ( 93%) used,    37.04 KB (  7%) free+waste,     1.75 KB ( <1%) overhead. 
       Both:      6.15 MB capacity,     6.03 MB ( 98%) used,   118.05 KB (  2%) free+waste,     5.88 KB ( <1%) overhead. 

Virtual space:
  Non-class space:        8.00 MB reserved,       5.75 MB ( 72%) committed 
      Class space:        1.00 GB reserved,     640.00 KB ( <1%) committed 
             Both:        1.01 GB reserved,       6.38 MB ( <1%) committed 

Chunk freelists:
   Non-Class:  384 bytes
       Class:  128 bytes
        Both:  512 bytes

CodeHeap 'non-profiled nmethods': size=120064Kb used=280Kb max_used=280Kb free=119783Kb
 bounds [0x0000015e44f60000, 0x0000015e451d0000, 0x0000015e4c4a0000]
CodeHeap 'profiled nmethods': size=120000Kb used=1279Kb max_used=1279Kb free=118720Kb
 bounds [0x0000015e3da30000, 0x0000015e3dca0000, 0x0000015e44f60000]
CodeHeap 'non-nmethods': size=5696Kb used=1030Kb max_used=1053Kb free=4665Kb
 bounds [0x0000015e3d4a0000, 0x0000015e3d710000, 0x0000015e3da30000]
 total_blobs=884 nmethods=578 adapters=218
 compilation: enabled
              stopped_count=0, restarted_count=0
 full_count=0

Compilation events (10 events):
Event: 3876.508 Thread 0x0000015e51dbf000  593  s    4       java.io.BufferedOutputStream::flush (12 bytes)
Event: 3877.202 Thread 0x0000015e51dbf000 nmethod 593 0x0000015e44fa3f90 code [0x0000015e44fa4120, 0x0000015e44fa44c8]
Event: 3877.210 Thread 0x0000015e51dbf000  594       4       java.lang.String::indexOf (65 bytes)
Event: 3877.274 Thread 0x0000015e51dbf000 nmethod 594 0x0000015e44fa4690 code [0x0000015e44fa4800, 0x0000015e44fa4b58]
Event: 3878.336 Thread 0x0000015e51dbf000  595       4       java.util.regex.Pattern$Curly::study (153 bytes)
Event: 3878.366 Thread 0x0000015e51dbf000 nmethod 595 0x0000015e44fa4c10 code [0x0000015e44fa4da0, 0x0000015e44fa5038]
Event: 3891.082 Thread 0x0000015e51dbf000  598       4       java.util.regex.Pattern::quote (131 bytes)
Event: 3891.170 Thread 0x0000015e51dbf000 nmethod 598 0x0000015e44fa5310 code [0x0000015e44fa54a0, 0x0000015e44fa5938]
Event: 3891.170 Thread 0x0000015e51dbf000  599       4       java.util.regex.Pattern$GroupCurly::study (153 bytes)
Event: 3891.182 Thread 0x0000015e51dbf000 nmethod 599 0x0000015e44fa5a90 code [0x0000015e44fa5c20, 0x0000015e44fa5e78]

GC Heap History (10 events):
Event: 3882.065 GC heap after
{Heap after GC invocations=28 (full 0):
 garbage-first heap   total 117760K, used 50419K [0x00000000c1a00000, 0x0000000100000000)
  region size 1024K, 2 young (2048K), 2 survivors (2048K)
 Metaspace       used 6176K, capacity 6300K, committed 6528K, reserved 1056768K
  class space    used 504K, capacity 543K, committed 640K, reserved 1048576K
}
Event: 3891.094 GC heap before
{Heap before GC invocations=28 (full 0):
 garbage-first heap   total 117760K, used 59635K [0x00000000c1a00000, 0x0000000100000000)
  region size 1024K, 11 young (11264K), 2 survivors (2048K)
 Metaspace       used 6176K, capacity 6300K, committed 6528K, reserved 1056768K
  class space    used 504K, capacity 543K, committed 640K, reserved 1048576K
}
Event: 3891.121 GC heap after
{Heap after GC invocations=29 (full 0):
 garbage-first heap   total 117760K, used 51454K [0x00000000c1a00000, 0x0000000100000000)
  region size 1024K, 2 young (2048K), 2 survivors (2048K)
 Metaspace       used 6176K, capacity 6300K, committed 6528K, reserved 1056768K
  class space    used 504K, capacity 543K, committed 640K, reserved 1048576K
}
Event: 4023.406 GC heap before
{Heap before GC invocations=29 (full 0):
 garbage-first heap   total 117760K, used 62718K [0x00000000c1a00000, 0x0000000100000000)
  region size 1024K, 13 young (13312K), 2 survivors (2048K)
 Metaspace       used 6176K, capacity 6300K, committed 6528K, reserved 1056768K
  class space    used 504K, capacity 543K, committed 640K, reserved 1048576K
}
Event: 4023.418 GC heap after
{Heap after GC invocations=30 (full 0):
 garbage-first heap   total 117760K, used 52589K [0x00000000c1a00000, 0x0000000100000000)
  region size 1024K, 2 young (2048K), 2 survivors (2048K)
 Metaspace       used 6176K, capacity 6300K, committed 6528K, reserved 1056768K
  class space    used 504K, capacity 543K, committed 640K, reserved 1048576K
}
Event: 4044.370 GC heap before
{Heap before GC invocations=30 (full 0):
 garbage-first heap   total 117760K, used 63853K [0x00000000c1a00000, 0x0000000100000000)
  region size 1024K, 13 young (13312K), 2 survivors (2048K)
 Metaspace       used 6176K, capacity 6300K, committed 6528K, reserved 1056768K
  class space    used 504K, capacity 543K, committed 640K, reserved 1048576K
}
Event: 4044.534 GC heap after
{Heap after GC invocations=31 (full 0):
 garbage-first heap   total 117760K, used 53981K [0x00000000c1a00000, 0x0000000100000000)
  region size 1024K, 2 young (2048K), 2 survivors (2048K)
 Metaspace       used 6176K, capacity 6300K, committed 6528K, reserved 1056768K
  class space    used 504K, capacity 543K, committed 640K, reserved 1048576K
}
Event: 4045.951 GC heap before
{Heap before GC invocations=31 (full 0):
 garbage-first heap   total 117760K, used 65245K [0x00000000c1a00000, 0x0000000100000000)
  region size 1024K, 13 young (13312K), 2 survivors (2048K)
 Metaspace       used 6176K, capacity 6300K, committed 6528K, reserved 1056768K
  class space    used 504K, capacity 543K, committed 640K, reserved 1048576K
}
Event: 4048.191 GC heap after
{Heap after GC invocations=32 (full 0):
 garbage-first heap   total 117760K, used 55364K [0x00000000c1a00000, 0x0000000100000000)
  region size 1024K, 2 young (2048K), 2 survivors (2048K)
 Metaspace       used 6176K, capacity 6300K, committed 6528K, reserved 1056768K
  class space    used 504K, capacity 543K, committed 640K, reserved 1048576K
}
Event: 4058.759 GC heap before
{Heap before GC invocations=33 (full 0):
 garbage-first heap   total 117760K, used 67652K [0x00000000c1a00000, 0x0000000100000000)
  region size 1024K, 14 young (14336K), 2 survivors (2048K)
 Metaspace       used 6176K, capacity 6300K, committed 6528K, reserved 1056768K
  class space    used 504K, capacity 543K, committed 640K, reserved 1048576K
}

Deoptimization events (1 events):
Event: 0.207 Thread 0x0000015e345f5000 Uncommon trap: reason=unstable_if action=reinterpret pc=0x0000015e44f63b20 method=java.lang.String.hashCode()I @ 14 c2

Classes redefined (0 events):
No events

Internal exceptions (10 events):
Event: 4058.739 Thread 0x0000015e345f5000 Exception <a 'java/io/IOException'{0x00000000c81b2530}> (0x00000000c81b2530) thrown at [./open/src/hotspot/share/prims/jni.cpp, line 611]
Event: 4058.739 Thread 0x0000015e345f5000 Exception <a 'java/io/IOException'{0x00000000c81b7ac8}> (0x00000000c81b7ac8) thrown at [./open/src/hotspot/share/prims/jni.cpp, line 611]
Event: 4058.743 Thread 0x0000015e345f5000 Exception <a 'java/io/IOException'{0x00000000c81bd2b8}> (0x00000000c81bd2b8) thrown at [./open/src/hotspot/share/prims/jni.cpp, line 611]
Event: 4058.743 Thread 0x0000015e345f5000 Exception <a 'java/io/IOException'{0x00000000c81c5880}> (0x00000000c81c5880) thrown at [./open/src/hotspot/share/prims/jni.cpp, line 611]
Event: 4058.743 Thread 0x0000015e345f5000 Exception <a 'java/io/IOException'{0x00000000c81cade8}> (0x00000000c81cade8) thrown at [./open/src/hotspot/share/prims/jni.cpp, line 611]
Event: 4058.745 Thread 0x0000015e345f5000 Exception <a 'java/io/IOException'{0x00000000c81d0380}> (0x00000000c81d0380) thrown at [./open/src/hotspot/share/prims/jni.cpp, line 611]
Event: 4058.745 Thread 0x0000015e345f5000 Exception <a 'java/io/IOException'{0x00000000c81d58e8}> (0x00000000c81d58e8) thrown at [./open/src/hotspot/share/prims/jni.cpp, line 611]
Event: 4058.746 Thread 0x0000015e345f5000 Exception <a 'java/io/IOException'{0x00000000c81e8828}> (0x00000000c81e8828) thrown at [./open/src/hotspot/share/prims/jni.cpp, line 611]
Event: 4058.746 Thread 0x0000015e345f5000 Exception <a 'java/io/IOException'{0x00000000c81eddc0}> (0x00000000c81eddc0) thrown at [./open/src/hotspot/share/prims/jni.cpp, line 611]
Event: 4058.758 Thread 0x0000015e345f5000 Exception <a 'java/io/IOException'{0x00000000c81f3328}> (0x00000000c81f3328) thrown at [./open/src/hotspot/share/prims/jni.cpp, line 611]

Events (10 events):
Event: 4023.418 Executing VM operation: G1CollectForAllocation done
Event: 4044.369 Executing VM operation: G1CollectForAllocation
Event: 4044.534 Executing VM operation: G1CollectForAllocation done
Event: 4045.922 Executing VM operation: G1CollectForAllocation
Event: 4048.191 Executing VM operation: G1CollectForAllocation done
Event: 4051.805 Executing VM operation: CGC_Operation
Event: 4053.848 Executing VM operation: CGC_Operation done
Event: 4053.908 Executing VM operation: CGC_Operation
Event: 4053.909 Executing VM operation: CGC_Operation done
Event: 4058.759 Executing VM operation: G1CollectForAllocation


Dynamic libraries:
0x00007ff7da070000 - 0x00007ff7da07f000 	C:\Program Files\Java\jdk-11.0.15.1\bin\javaw.exe
0x00007ffb97f50000 - 0x00007ffb98145000 	C:\WINDOWS\SYSTEM32\ntdll.dll
0x00007ffb96820000 - 0x00007ffb968dd000 	C:\WINDOWS\System32\KERNEL32.DLL
0x00007ffb956c0000 - 0x00007ffb95988000 	C:\WINDOWS\System32\KERNELBASE.dll
0x00007ffb95d50000 - 0x00007ffb95e50000 	C:\WINDOWS\System32\ucrtbase.dll
0x00007ffb84b00000 - 0x00007ffb84b15000 	C:\Program Files\Java\jdk-11.0.15.1\bin\VCRUNTIME140.dll
0x00007ffb84b20000 - 0x00007ffb84b38000 	C:\Program Files\Java\jdk-11.0.15.1\bin\jli.dll
0x00007ffb963a0000 - 0x00007ffb9644c000 	C:\WINDOWS\System32\ADVAPI32.dll
0x00007ffb976a0000 - 0x00007ffb9773e000 	C:\WINDOWS\System32\msvcrt.dll
0x00007ffb96b20000 - 0x00007ffb96bbb000 	C:\WINDOWS\System32\sechost.dll
0x00007ffb96190000 - 0x00007ffb962bb000 	C:\WINDOWS\System32\RPCRT4.dll
0x00007ffb97070000 - 0x00007ffb97210000 	C:\WINDOWS\System32\USER32.dll
0x00007ffb95c30000 - 0x00007ffb95c52000 	C:\WINDOWS\System32\win32u.dll
0x00007ffb97760000 - 0x00007ffb9778a000 	C:\WINDOWS\System32\GDI32.dll
0x00007ffb95ee0000 - 0x00007ffb95feb000 	C:\WINDOWS\System32\gdi32full.dll
0x00007ffb95c60000 - 0x00007ffb95cfd000 	C:\WINDOWS\System32\msvcp_win.dll
0x00007ffb8a250000 - 0x00007ffb8a4ea000 	C:\WINDOWS\WinSxS\amd64_microsoft.windows.common-controls_6595b64144ccf1df_6.0.19041.1052_none_60b8f8fd71f5e8cb\COMCTL32.dll
0x00007ffb899b0000 - 0x00007ffb899ba000 	C:\WINDOWS\SYSTEM32\VERSION.dll
0x00007ffb96bd0000 - 0x00007ffb96c00000 	C:\WINDOWS\System32\IMM32.DLL
0x00007ffb74700000 - 0x00007ffb7479b000 	C:\Program Files\Java\jdk-11.0.15.1\bin\msvcp140.dll
0x00007ffb3b300000 - 0x00007ffb3be16000 	C:\Program Files\Java\jdk-11.0.15.1\bin\server\jvm.dll
0x00007ffb96bc0000 - 0x00007ffb96bc8000 	C:\WINDOWS\System32\PSAPI.DLL
0x00007ffb8ac70000 - 0x00007ffb8ac97000 	C:\WINDOWS\SYSTEM32\WINMM.dll
0x00007ffb78740000 - 0x00007ffb78749000 	C:\WINDOWS\SYSTEM32\WSOCK32.dll
0x00007ffb96450000 - 0x00007ffb964bb000 	C:\WINDOWS\System32\WS2_32.dll
0x00007ffb93fe0000 - 0x00007ffb93ff2000 	C:\WINDOWS\SYSTEM32\kernel.appcore.dll
0x00007ffb92c70000 - 0x00007ffb92c80000 	C:\Program Files\Java\jdk-11.0.15.1\bin\verify.dll
0x00007ffb93d70000 - 0x00007ffb93f54000 	C:\WINDOWS\SYSTEM32\DBGHELP.DLL
0x00007ffb87ba0000 - 0x00007ffb87bcc000 	C:\WINDOWS\SYSTEM32\dbgcore.DLL
0x00007ffb95e50000 - 0x00007ffb95ed3000 	C:\WINDOWS\System32\bcryptPrimitives.dll
0x00007ffb783d0000 - 0x00007ffb783f8000 	C:\Program Files\Java\jdk-11.0.15.1\bin\java.dll
0x00007ffb908f0000 - 0x00007ffb908fa000 	C:\Program Files\Java\jdk-11.0.15.1\bin\jimage.dll
0x00007ffb80160000 - 0x00007ffb80176000 	C:\Program Files\Java\jdk-11.0.15.1\bin\zip.dll
0x00007ffb97790000 - 0x00007ffb97ecf000 	C:\WINDOWS\System32\SHELL32.dll
0x00007ffb93520000 - 0x00007ffb93cb0000 	C:\WINDOWS\SYSTEM32\windows.storage.dll
0x00007ffb964c0000 - 0x00007ffb96815000 	C:\WINDOWS\System32\combase.dll
0x00007ffb95060000 - 0x00007ffb9508c000 	C:\WINDOWS\SYSTEM32\Wldp.dll
0x00007ffb97590000 - 0x00007ffb9763e000 	C:\WINDOWS\System32\SHCORE.dll
0x00007ffb97640000 - 0x00007ffb97695000 	C:\WINDOWS\System32\shlwapi.dll
0x00007ffb95600000 - 0x00007ffb9561f000 	C:\WINDOWS\SYSTEM32\profapi.dll

dbghelp: loaded successfully - version: 4.0.5 - missing functions: none
symbol engine: initialized successfully - sym options: 0x614 - pdb path: .;C:\Program Files\Java\jdk-11.0.15.1\bin;C:\WINDOWS\SYSTEM32;C:\WINDOWS\WinSxS\amd64_microsoft.windows.common-controls_6595b64144ccf1df_6.0.19041.1052_none_60b8f8fd71f5e8cb;C:\Program Files\Java\jdk-11.0.15.1\bin\server

VM Arguments:
jvm_args: -Dfile.encoding=Cp1252 
java_command: akash.finalproject.SuperBondMain
java_class_path (initial): E:\JavaWorkspace\JavaPracticeProject\bin
Launcher Type: SUN_STANDARD

[Global flags]
     intx CICompilerCount                          = 3                                         {product} {ergonomic}
     uint ConcGCThreads                            = 1                                         {product} {ergonomic}
     uint G1ConcRefinementThreads                  = 4                                         {product} {ergonomic}
   size_t G1HeapRegionSize                         = 1048576                                   {product} {ergonomic}
    uintx GCDrainStackTargetSize                   = 64                                        {product} {ergonomic}
   size_t InitialHeapSize                          = 67108864                                  {product} {ergonomic}
   size_t MarkStackSize                            = 4194304                                   {product} {ergonomic}
   size_t MaxHeapSize                              = 1046478848                                {product} {ergonomic}
   size_t MaxNewSize                               = 627048448                                 {product} {ergonomic}
   size_t MinHeapDeltaBytes                        = 1048576                                   {product} {ergonomic}
    uintx NonNMethodCodeHeapSize                   = 5830732                                {pd product} {ergonomic}
    uintx NonProfiledCodeHeapSize                  = 122913754                              {pd product} {ergonomic}
    uintx ProfiledCodeHeapSize                     = 122913754                              {pd product} {ergonomic}
    uintx ReservedCodeCacheSize                    = 251658240                              {pd product} {ergonomic}
     bool SegmentedCodeCache                       = true                                      {product} {ergonomic}
     bool UseCompressedClassPointers               = true                                 {lp64_product} {ergonomic}
     bool UseCompressedOops                        = true                                 {lp64_product} {ergonomic}
     bool UseG1GC                                  = true                                      {product} {ergonomic}
     bool UseLargePagesIndividualAllocation        = false                                  {pd product} {ergonomic}

Logging:
Log output configuration:
 #0: stdout all=warning uptime,level,tags
 #1: stderr all=off uptime,level,tags

Environment Variables:
JAVA_HOME=C:\Program Files\Java\jdk-11.0.15.1
PATH=C:\Program Files\Common Files\Oracle\Java\javapath;C:\Program Files (x86)\Common Files\Oracle\Java\javapath;C:\Python310\Scripts\;C:\Python310\;C:\Python39\Scripts\;C:\Python39\;C:\Program Files (x86)\Intel\iCLS Client\;C:\Program Files\Intel\iCLS Client\;C:\Program Files (x86)\AMD APP\bin\x86_64;C:\Program Files (x86)\AMD APP\bin\x86;C:\WINDOWS\system32;C:\WINDOWS;C:\WINDOWS\System32\Wbem;C:\WINDOWS\System32\WindowsPowerShell\v1.0\;C:\Program Files (x86)\Windows Live\Shared;C:\Program Files (x86)\Intel\OpenCL SDK\3.0\bin\x86;C:\Program Files (x86)\Intel\OpenCL SDK\3.0\bin\x64;C:\Program Files (x86)\ATI Technologies\ATI.ACE\Core-Static;C:\Program Files\Intel\Intel(R) Management Engine Components\DAL;C:\Program Files\Intel\Intel(R) Management Engine Components\IPT;C:\Program Files (x86)\Intel\Intel(R) Management Engine Components\DAL;C:\Program Files (x86)\Intel\Intel(R) Management Engine Components\IPT;C:\WINDOWS\System32\OpenSSH\;C:\ProgramData\chocolatey\bin;C:\Program Files\MongoDB\Server\4.4\bin;C:\Program Files\nodejs\;C:\Program Files\Git\cmd;C:\Program Files\Java\jdk-11.0.15.1\bin;C:\Users\Akash\AppData\Local\Microsoft\WindowsApps;C:\Users\Akash\AppData\Local\Programs\Microsoft VS Code\bin;C:\Program Files\MongoDB\Server\4.4\bin;C:\Users\Akash\AppData\Roaming\npm;C:\Users\Akash\AppData\Local\GitHubDesktop\bin
USERNAME=Akash
OS=Windows_NT
PROCESSOR_IDENTIFIER=Intel64 Family 6 Model 58 Stepping 9, GenuineIntel



---------------  S Y S T E M  ---------------

OS: Windows 10 , 64 bit Build 19041 (10.0.19041.1023)

CPU:total 4 (initial active 4) (2 cores per cpu, 2 threads per core) family 6 model 58 stepping 9 microcode 0x21, cmov, cx8, fxsr, mmx, sse, sse2, sse3, ssse3, sse4.1, sse4.2, popcnt, avx, clmul, erms, ht, tsc, tscinvbit, tscinv

Memory: 4k page, system-wide physical 3988M (59M free)
TotalPageFile size 16271M (AvailPageFile size 35M)
current process WorkingSet (physical memory assigned to process): 71M, peak: 79M
current process commit charge ("private bytes"): 184M, peak: 289M

vm_info: Java HotSpot(TM) 64-Bit Server VM (11.0.15.1+2-LTS-10) for windows-amd64 JRE (11.0.15.1+2-LTS-10), built on Apr 25 2022 21:51:57 by "mach5one" with MS VC++ 15.9 (VS2017)

END.
