#
# There is insufficient memory for the Java Runtime Environment to continue.
# Native memory allocation (mmap) failed to map 310378496 bytes for Failed to commit area from 0x00000000cae00000 to 0x00000000dd600000 of length 310378496.
# Possible reasons:
#   The system is out of physical RAM or swap space
#   The process is running with CompressedOops enabled, and the Java Heap may be blocking the growth of the native heap
# Possible solutions:
#   Reduce memory load on the system
#   Increase physical memory or swap space
#   Check if swap backing store is full
#   Decrease Java heap size (-Xmx/-Xms)
#   Decrease number of Java threads
#   Decrease Java thread stack sizes (-Xss)
#   Set larger code cache with -XX:ReservedCodeCacheSize=
#   JVM is running with Unscaled Compressed Oops mode in which the Java heap is
#     placed in the first 4GB address space. The Java Heap base address is the
#     maximum limit for the native heap growth. Please use -XX:HeapBaseMinAddress
#     to set the Java Heap base and to place the Java Heap above 4GB virtual address.
# This output file may be truncated or incomplete.
#
#  Out of Memory Error (./open/src/hotspot/os/windows/os_windows.cpp:3287), pid=12652, tid=15576
#
# JRE version: Java(TM) SE Runtime Environment 18.9 (11.0.15.1+2) (build 11.0.15.1+2-LTS-10)
# Java VM: Java HotSpot(TM) 64-Bit Server VM 18.9 (11.0.15.1+2-LTS-10, mixed mode, tiered, compressed oops, g1 gc, windows-amd64)
# No core dump will be written. Minidumps are not enabled by default on client versions of Windows
#

---------------  S U M M A R Y ------------

Command Line: -Dfile.encoding=Cp1252 akash.finalproject.SuperBondMain

Host: Intel(R) Core(TM) i3-3110M CPU @ 2.40GHz, 4 cores, 3G,  Windows 10 , 64 bit Build 19041 (10.0.19041.1023)
Time: Fri Jun 10 23:45:01 2022 India Standard Time elapsed time: 4104.696319 seconds (0d 1h 8m 24s)

---------------  T H R E A D  ---------------

Current thread (0x000001add057b000):  VMThread "VM Thread" [stack: 0x0000001de1500000,0x0000001de1600000] [id=15576]

Stack: [0x0000001de1500000,0x0000001de1600000]
[error occurred during error reporting (printing stack bounds), id 0xc0000005, EXCEPTION_ACCESS_VIOLATION (0xc0000005) at pc=0x000001adbc3d0f2d]

Native frames: (J=compiled Java code, j=interpreted, Vv=VM code, C=native code)
V  [jvm.dll+0x629d8a]
V  [jvm.dll+0x7638ff]
V  [jvm.dll+0x764fa9]
V  [jvm.dll+0x765595]
V  [jvm.dll+0x76554b]
V  [jvm.dll+0x629273]
V  [jvm.dll+0x629988]
C  [ntdll.dll+0xa217f]
C  [ntdll.dll+0x51454]
C  [ntdll.dll+0xa0cae]
C  0x000001adbc3d0f2d

VM_Operation (0x0000001de0f57bb0): G1CollectForAllocation, mode: safepoint, requested by thread 0x000001adb4d1b000


---------------  P R O C E S S  ---------------

Threads class SMR info:
_java_thread_list=0x000001add085f1c0, length=10, elements={
0x000001adb4d1b000, 0x000001add057c800, 0x000001add057d800, 0x000001add060a800,
0x000001add060c800, 0x000001add060d800, 0x000001add05c1000, 0x000001add05c2000,
0x000001add05c3000, 0x000001add087e000
}

Java Threads: ( => current thread )
  0x000001adb4d1b000 JavaThread "main" [_thread_blocked, id=20580, stack(0x0000001de0f00000,0x0000001de1000000)]
  0x000001add057c800 JavaThread "Reference Handler" daemon [_thread_blocked, id=19488, stack(0x0000001de1600000,0x0000001de1700000)]
  0x000001add057d800 JavaThread "Finalizer" daemon [_thread_blocked, id=13516, stack(0x0000001de1700000,0x0000001de1800000)]
  0x000001add060a800 JavaThread "Signal Dispatcher" daemon [_thread_blocked, id=19496, stack(0x0000001de1800000,0x0000001de1900000)]
  0x000001add060c800 JavaThread "Attach Listener" daemon [_thread_blocked, id=16544, stack(0x0000001de1900000,0x0000001de1a00000)]
  0x000001add060d800 JavaThread "Service Thread" daemon [_thread_blocked, id=10836, stack(0x0000001de1a00000,0x0000001de1b00000)]
  0x000001add05c1000 JavaThread "C2 CompilerThread0" daemon [_thread_blocked, id=19628, stack(0x0000001de1b00000,0x0000001de1c00000)]
  0x000001add05c2000 JavaThread "C1 CompilerThread0" daemon [_thread_blocked, id=18752, stack(0x0000001de1c00000,0x0000001de1d00000)]
  0x000001add05c3000 JavaThread "Sweeper thread" daemon [_thread_blocked, id=19660, stack(0x0000001de1d00000,0x0000001de1e00000)]
  0x000001add087e000 JavaThread "Common-Cleaner" daemon [_thread_blocked, id=19288, stack(0x0000001de1f00000,0x0000001de2000000)]

Other Threads:
=>0x000001add057b000 VMThread "VM Thread" [stack: 0x0000001de1500000,0x0000001de1600000] [id=15576]
  0x000001add087d000 WatcherThread [stack: 0x0000001de1e00000,0x0000001de1f00000] [id=6116]
  0x000001adb4d31000 GCTaskThread "GC Thread#0" [stack: 0x0000001de1000000,0x0000001de1100000] [id=20540]
  0x000001add118c000 GCTaskThread "GC Thread#1" [stack: 0x0000001de0c00000,0x0000001de0d00000] [id=20436]
  0x000001add07cb800 GCTaskThread "GC Thread#2" [stack: 0x0000001de0e00000,0x0000001de0f00000] [id=20864]
  0x000001adb4d47000 ConcurrentGCThread "G1 Main Marker" [stack: 0x0000001de1100000,0x0000001de1200000] [id=20536]
  0x000001adb4d48000 ConcurrentGCThread "G1 Conc#0" [stack: 0x0000001de1200000,0x0000001de1300000] [id=20532]
  0x000001adb4da5000 ConcurrentGCThread "G1 Refine#0" [stack: 0x0000001de1300000,0x0000001de1400000] [id=6608]
  0x000001add0a50800 ConcurrentGCThread "G1 Refine#1" [stack: 0x0000001de0d00000,0x0000001de0e00000] [id=22136]
  0x000001adb4da8000 ConcurrentGCThread "G1 Young RemSet Sampling" [stack: 0x0000001de1400000,0x0000001de1500000] [id=20152]

Threads with active compile tasks:

VM state:at safepoint (normal execution)

VM Mutex/Monitor currently owned by a thread:  ([mutex/lock_event])
[0x000001adb4d15f70] Threads_lock - owner thread: 0x000001add057b000
[0x000001adb4d161b0] Heap_lock - owner thread: 0x000001adb4d1b000

Heap address: 0x00000000c1a00000, size: 998 MB, Compressed Oops mode: 32-bit
Narrow klass base: 0x0000000000000000, Narrow klass shift: 3
Compressed class space size: 1073741824 Address: 0x0000000100000000

Heap:
 garbage-first heap   total 454656K, used 54495K [0x00000000c1a00000, 0x0000000100000000)
  region size 1024K, 2 young (2048K), 2 survivors (2048K)
 Metaspace       used 6175K, capacity 6301K, committed 6528K, reserved 1056768K
  class space    used 504K, capacity 543K, committed 640K, reserved 1048576K
Heap Regions: E=young(eden), S=young(survivor), O=old, HS=humongous(starts), HC=humongous(continues), CS=collection set, F=free, A=archive, TAMS=top-at-mark-start (previous, next)
|   0|0x00000000c1a00000, 0x00000000c1b00000, 0x00000000c1b00000|100%| O|  |TAMS 0x00000000c1b00000, 0x00000000c1a00000| Untracked 
|   1|0x00000000c1b00000, 0x00000000c1c00000, 0x00000000c1c00000|100%| O|  |TAMS 0x00000000c1c00000, 0x00000000c1b00000| Untracked 
|   2|0x00000000c1c00000, 0x00000000c1d00000, 0x00000000c1d00000|100%| O|  |TAMS 0x00000000c1d00000, 0x00000000c1c00000| Untracked 
|   3|0x00000000c1d00000, 0x00000000c1e00000, 0x00000000c1e00000|100%| O|  |TAMS 0x00000000c1e00000, 0x00000000c1d00000| Untracked 
|   4|0x00000000c1e00000, 0x00000000c1f00000, 0x00000000c1f00000|100%| O|  |TAMS 0x00000000c1f00000, 0x00000000c1e00000| Untracked 
|   5|0x00000000c1f00000, 0x00000000c2000000, 0x00000000c2000000|100%| O|  |TAMS 0x00000000c2000000, 0x00000000c1f00000| Untracked 
|   6|0x00000000c2000000, 0x00000000c2100000, 0x00000000c2100000|100%| O|  |TAMS 0x00000000c2100000, 0x00000000c2000000| Untracked 
|   7|0x00000000c2100000, 0x00000000c2200000, 0x00000000c2200000|100%| O|  |TAMS 0x00000000c2200000, 0x00000000c2100000| Untracked 
|   8|0x00000000c2200000, 0x00000000c2300000, 0x00000000c2300000|100%| O|  |TAMS 0x00000000c2300000, 0x00000000c2200000| Untracked 
|   9|0x00000000c2300000, 0x00000000c2400000, 0x00000000c2400000|100%| O|  |TAMS 0x00000000c2400000, 0x00000000c2300000| Untracked 
|  10|0x00000000c2400000, 0x00000000c2500000, 0x00000000c2500000|100%| O|  |TAMS 0x00000000c2500000, 0x00000000c2400000| Untracked 
|  11|0x00000000c2500000, 0x00000000c2600000, 0x00000000c2600000|100%| O|  |TAMS 0x00000000c2600000, 0x00000000c2500000| Untracked 
|  12|0x00000000c2600000, 0x00000000c2700000, 0x00000000c2700000|100%| O|  |TAMS 0x00000000c2700000, 0x00000000c2600000| Untracked 
|  13|0x00000000c2700000, 0x00000000c2800000, 0x00000000c2800000|100%| O|  |TAMS 0x00000000c2800000, 0x00000000c2700000| Untracked 
|  14|0x00000000c2800000, 0x00000000c2900000, 0x00000000c2900000|100%| O|  |TAMS 0x00000000c2900000, 0x00000000c2800000| Untracked 
|  15|0x00000000c2900000, 0x00000000c2a00000, 0x00000000c2a00000|100%| O|  |TAMS 0x00000000c2a00000, 0x00000000c2900000| Untracked 
|  16|0x00000000c2a00000, 0x00000000c2b00000, 0x00000000c2b00000|100%| O|  |TAMS 0x00000000c2b00000, 0x00000000c2a00000| Untracked 
|  17|0x00000000c2b00000, 0x00000000c2c00000, 0x00000000c2c00000|100%| O|  |TAMS 0x00000000c2c00000, 0x00000000c2b00000| Untracked 
|  18|0x00000000c2c00000, 0x00000000c2d00000, 0x00000000c2d00000|100%| O|  |TAMS 0x00000000c2d00000, 0x00000000c2c00000| Untracked 
|  19|0x00000000c2d00000, 0x00000000c2e00000, 0x00000000c2e00000|100%| O|  |TAMS 0x00000000c2e00000, 0x00000000c2d00000| Untracked 
|  20|0x00000000c2e00000, 0x00000000c2f00000, 0x00000000c2f00000|100%| O|  |TAMS 0x00000000c2f00000, 0x00000000c2e00000| Untracked 
|  21|0x00000000c2f00000, 0x00000000c3000000, 0x00000000c3000000|100%| O|  |TAMS 0x00000000c3000000, 0x00000000c2f00000| Untracked 
|  22|0x00000000c3000000, 0x00000000c3100000, 0x00000000c3100000|100%| O|  |TAMS 0x00000000c3100000, 0x00000000c3000000| Untracked 
|  23|0x00000000c3100000, 0x00000000c3200000, 0x00000000c3200000|100%| O|  |TAMS 0x00000000c3200000, 0x00000000c3100000| Untracked 
|  24|0x00000000c3200000, 0x00000000c3300000, 0x00000000c3300000|100%| O|  |TAMS 0x00000000c3300000, 0x00000000c3200000| Untracked 
|  25|0x00000000c3300000, 0x00000000c3400000, 0x00000000c3400000|100%| O|  |TAMS 0x00000000c3400000, 0x00000000c3300000| Untracked 
|  26|0x00000000c3400000, 0x00000000c3500000, 0x00000000c3500000|100%| O|  |TAMS 0x00000000c3500000, 0x00000000c3400000| Untracked 
|  27|0x00000000c3500000, 0x00000000c3600000, 0x00000000c3600000|100%| O|  |TAMS 0x00000000c3600000, 0x00000000c3500000| Untracked 
|  28|0x00000000c3600000, 0x00000000c3700000, 0x00000000c3700000|100%| O|  |TAMS 0x00000000c3700000, 0x00000000c3600000| Untracked 
|  29|0x00000000c3700000, 0x00000000c3800000, 0x00000000c3800000|100%| O|  |TAMS 0x00000000c3800000, 0x00000000c3700000| Untracked 
|  30|0x00000000c3800000, 0x00000000c3900000, 0x00000000c3900000|100%| O|  |TAMS 0x00000000c3900000, 0x00000000c3800000| Untracked 
|  31|0x00000000c3900000, 0x00000000c3a00000, 0x00000000c3a00000|100%| O|  |TAMS 0x00000000c3a00000, 0x00000000c3900000| Untracked 
|  32|0x00000000c3a00000, 0x00000000c3b00000, 0x00000000c3b00000|100%| O|  |TAMS 0x00000000c3b00000, 0x00000000c3a00000| Untracked 
|  33|0x00000000c3b00000, 0x00000000c3c00000, 0x00000000c3c00000|100%| O|  |TAMS 0x00000000c3c00000, 0x00000000c3b00000| Untracked 
|  34|0x00000000c3c00000, 0x00000000c3d00000, 0x00000000c3d00000|100%| O|  |TAMS 0x00000000c3d00000, 0x00000000c3c00000| Untracked 
|  35|0x00000000c3d00000, 0x00000000c3e00000, 0x00000000c3e00000|100%| O|  |TAMS 0x00000000c3e00000, 0x00000000c3d00000| Untracked 
|  36|0x00000000c3e00000, 0x00000000c3f00000, 0x00000000c3f00000|100%| O|  |TAMS 0x00000000c3f00000, 0x00000000c3e00000| Untracked 
|  37|0x00000000c3f00000, 0x00000000c4000000, 0x00000000c4000000|100%| O|  |TAMS 0x00000000c4000000, 0x00000000c3f00000| Untracked 
|  38|0x00000000c4000000, 0x00000000c4100000, 0x00000000c4100000|100%| O|  |TAMS 0x00000000c4100000, 0x00000000c4000000| Untracked 
|  39|0x00000000c4100000, 0x00000000c4200000, 0x00000000c4200000|100%| O|  |TAMS 0x00000000c4200000, 0x00000000c4100000| Untracked 
|  40|0x00000000c4200000, 0x00000000c4300000, 0x00000000c4300000|100%| O|  |TAMS 0x00000000c4300000, 0x00000000c4200000| Untracked 
|  41|0x00000000c4300000, 0x00000000c4400000, 0x00000000c4400000|100%| O|  |TAMS 0x00000000c436a800, 0x00000000c4300000| Untracked 
|  42|0x00000000c4400000, 0x00000000c4500000, 0x00000000c4500000|100%| O|  |TAMS 0x00000000c4400000, 0x00000000c4400000| Untracked 
|  43|0x00000000c4500000, 0x00000000c4600000, 0x00000000c4600000|100%| O|  |TAMS 0x00000000c4500000, 0x00000000c4500000| Untracked 
|  44|0x00000000c4600000, 0x00000000c4700000, 0x00000000c4700000|100%| O|  |TAMS 0x00000000c4600000, 0x00000000c4600000| Untracked 
|  45|0x00000000c4700000, 0x00000000c4800000, 0x00000000c4800000|100%| O|  |TAMS 0x00000000c4700000, 0x00000000c4700000| Untracked 
|  46|0x00000000c4800000, 0x00000000c4900000, 0x00000000c4900000|100%| O|  |TAMS 0x00000000c4800000, 0x00000000c4800000| Untracked 
|  47|0x00000000c4900000, 0x00000000c4a00000, 0x00000000c4a00000|100%| O|  |TAMS 0x00000000c4900000, 0x00000000c4900000| Untracked 
|  48|0x00000000c4a00000, 0x00000000c4b00000, 0x00000000c4b00000|100%| O|  |TAMS 0x00000000c4a00000, 0x00000000c4a00000| Untracked 
|  49|0x00000000c4b00000, 0x00000000c4c00000, 0x00000000c4c00000|100%| O|  |TAMS 0x00000000c4b00000, 0x00000000c4b00000| Untracked 
|  50|0x00000000c4c00000, 0x00000000c4d00000, 0x00000000c4d00000|100%| O|  |TAMS 0x00000000c4c00000, 0x00000000c4c00000| Untracked 
|  51|0x00000000c4d00000, 0x00000000c4d37c00, 0x00000000c4e00000| 21%| O|  |TAMS 0x00000000c4d00000, 0x00000000c4d00000| Untracked 
|  52|0x00000000c4e00000, 0x00000000c4e00000, 0x00000000c4f00000|  0%| F|  |TAMS 0x00000000c4e00000, 0x00000000c4e00000| Untracked 
|  53|0x00000000c4f00000, 0x00000000c4f00000, 0x00000000c5000000|  0%| F|  |TAMS 0x00000000c4f00000, 0x00000000c4f00000| Untracked 
|  54|0x00000000c5000000, 0x00000000c5000000, 0x00000000c5100000|  0%| F|  |TAMS 0x00000000c5000000, 0x00000000c5000000| Untracked 
|  55|0x00000000c5100000, 0x00000000c5100000, 0x00000000c5200000|  0%| F|  |TAMS 0x00000000c5100000, 0x00000000c5100000| Untracked 
|  56|0x00000000c5200000, 0x00000000c5200000, 0x00000000c5300000|  0%| F|  |TAMS 0x00000000c5200000, 0x00000000c5200000| Untracked 
|  57|0x00000000c5300000, 0x00000000c5300000, 0x00000000c5400000|  0%| F|  |TAMS 0x00000000c5300000, 0x00000000c5300000| Untracked 
|  58|0x00000000c5400000, 0x00000000c5400000, 0x00000000c5500000|  0%| F|  |TAMS 0x00000000c5400000, 0x00000000c5400000| Untracked 
|  59|0x00000000c5500000, 0x00000000c5500000, 0x00000000c5600000|  0%| F|  |TAMS 0x00000000c5500000, 0x00000000c5500000| Untracked 
|  60|0x00000000c5600000, 0x00000000c5600000, 0x00000000c5700000|  0%| F|  |TAMS 0x00000000c5600000, 0x00000000c5600000| Untracked 
|  61|0x00000000c5700000, 0x00000000c5700000, 0x00000000c5800000|  0%| F|  |TAMS 0x00000000c5700000, 0x00000000c5700000| Untracked 
|  62|0x00000000c5800000, 0x00000000c5800000, 0x00000000c5900000|  0%| F|  |TAMS 0x00000000c5800000, 0x00000000c5800000| Untracked 
|  63|0x00000000c5900000, 0x00000000c5900000, 0x00000000c5a00000|  0%| F|  |TAMS 0x00000000c5900000, 0x00000000c5900000| Untracked 
|  64|0x00000000c5a00000, 0x00000000c5a00000, 0x00000000c5b00000|  0%| F|  |TAMS 0x00000000c5a00000, 0x00000000c5a00000| Untracked 
|  65|0x00000000c5b00000, 0x00000000c5b00000, 0x00000000c5c00000|  0%| F|  |TAMS 0x00000000c5b00000, 0x00000000c5b00000| Untracked 
|  66|0x00000000c5c00000, 0x00000000c5c00000, 0x00000000c5d00000|  0%| F|  |TAMS 0x00000000c5c00000, 0x00000000c5c00000| Untracked 
|  67|0x00000000c5d00000, 0x00000000c5d00000, 0x00000000c5e00000|  0%| F|  |TAMS 0x00000000c5d00000, 0x00000000c5d00000| Untracked 
|  68|0x00000000c5e00000, 0x00000000c5e00000, 0x00000000c5f00000|  0%| F|  |TAMS 0x00000000c5e00000, 0x00000000c5e00000| Untracked 
|  69|0x00000000c5f00000, 0x00000000c5f00000, 0x00000000c6000000|  0%| F|  |TAMS 0x00000000c5f00000, 0x00000000c5f00000| Untracked 
|  70|0x00000000c6000000, 0x00000000c6000000, 0x00000000c6100000|  0%| F|  |TAMS 0x00000000c6000000, 0x00000000c6000000| Untracked 
|  71|0x00000000c6100000, 0x00000000c6100000, 0x00000000c6200000|  0%| F|  |TAMS 0x00000000c6100000, 0x00000000c6100000| Untracked 
|  72|0x00000000c6200000, 0x00000000c6200000, 0x00000000c6300000|  0%| F|  |TAMS 0x00000000c6200000, 0x00000000c6200000| Untracked 
|  73|0x00000000c6300000, 0x00000000c6300000, 0x00000000c6400000|  0%| F|  |TAMS 0x00000000c6300000, 0x00000000c6300000| Untracked 
|  74|0x00000000c6400000, 0x00000000c6400000, 0x00000000c6500000|  0%| F|  |TAMS 0x00000000c6400000, 0x00000000c6400000| Untracked 
|  75|0x00000000c6500000, 0x00000000c6500000, 0x00000000c6600000|  0%| F|  |TAMS 0x00000000c6500000, 0x00000000c6500000| Untracked 
|  76|0x00000000c6600000, 0x00000000c6600000, 0x00000000c6700000|  0%| F|  |TAMS 0x00000000c6600000, 0x00000000c6600000| Untracked 
|  77|0x00000000c6700000, 0x00000000c6700000, 0x00000000c6800000|  0%| F|  |TAMS 0x00000000c6700000, 0x00000000c6700000| Untracked 
|  78|0x00000000c6800000, 0x00000000c6800000, 0x00000000c6900000|  0%| F|  |TAMS 0x00000000c6800000, 0x00000000c6800000| Untracked 
|  79|0x00000000c6900000, 0x00000000c6900000, 0x00000000c6a00000|  0%| F|  |TAMS 0x00000000c6900000, 0x00000000c6900000| Untracked 
|  80|0x00000000c6a00000, 0x00000000c6a00000, 0x00000000c6b00000|  0%| F|  |TAMS 0x00000000c6a00000, 0x00000000c6a00000| Untracked 
|  81|0x00000000c6b00000, 0x00000000c6b00000, 0x00000000c6c00000|  0%| F|  |TAMS 0x00000000c6b00000, 0x00000000c6b00000| Untracked 
|  82|0x00000000c6c00000, 0x00000000c6c00000, 0x00000000c6d00000|  0%| F|  |TAMS 0x00000000c6c00000, 0x00000000c6c00000| Untracked 
|  83|0x00000000c6d00000, 0x00000000c6d00000, 0x00000000c6e00000|  0%| F|  |TAMS 0x00000000c6d00000, 0x00000000c6d00000| Untracked 
|  84|0x00000000c6e00000, 0x00000000c6e00000, 0x00000000c6f00000|  0%| F|  |TAMS 0x00000000c6e00000, 0x00000000c6e00000| Untracked 
|  85|0x00000000c6f00000, 0x00000000c6f00000, 0x00000000c7000000|  0%| F|  |TAMS 0x00000000c6f00000, 0x00000000c6f00000| Untracked 
|  86|0x00000000c7000000, 0x00000000c7000000, 0x00000000c7100000|  0%| F|  |TAMS 0x00000000c7000000, 0x00000000c7000000| Untracked 
|  87|0x00000000c7100000, 0x00000000c7100000, 0x00000000c7200000|  0%| F|  |TAMS 0x00000000c7100000, 0x00000000c7100000| Untracked 
|  88|0x00000000c7200000, 0x00000000c7200000, 0x00000000c7300000|  0%| F|  |TAMS 0x00000000c7200000, 0x00000000c7200000| Untracked 
|  89|0x00000000c7300000, 0x00000000c7300000, 0x00000000c7400000|  0%| F|  |TAMS 0x00000000c7300000, 0x00000000c7300000| Untracked 
|  90|0x00000000c7400000, 0x00000000c7400000, 0x00000000c7500000|  0%| F|  |TAMS 0x00000000c7400000, 0x00000000c7400000| Untracked 
|  91|0x00000000c7500000, 0x00000000c7500000, 0x00000000c7600000|  0%| F|  |TAMS 0x00000000c7500000, 0x00000000c7500000| Untracked 
|  92|0x00000000c7600000, 0x00000000c7600000, 0x00000000c7700000|  0%| F|  |TAMS 0x00000000c7600000, 0x00000000c7600000| Untracked 
|  93|0x00000000c7700000, 0x00000000c7700000, 0x00000000c7800000|  0%| F|  |TAMS 0x00000000c7700000, 0x00000000c7700000| Untracked 
|  94|0x00000000c7800000, 0x00000000c7800000, 0x00000000c7900000|  0%| F|  |TAMS 0x00000000c7800000, 0x00000000c7800000| Untracked 
|  95|0x00000000c7900000, 0x00000000c7900000, 0x00000000c7a00000|  0%| F|  |TAMS 0x00000000c7900000, 0x00000000c7900000| Untracked 
|  96|0x00000000c7a00000, 0x00000000c7a00000, 0x00000000c7b00000|  0%| F|  |TAMS 0x00000000c7a00000, 0x00000000c7a00000| Untracked 
|  97|0x00000000c7b00000, 0x00000000c7b00000, 0x00000000c7c00000|  0%| F|  |TAMS 0x00000000c7b00000, 0x00000000c7b00000| Untracked 
|  98|0x00000000c7c00000, 0x00000000c7c00000, 0x00000000c7d00000|  0%| F|  |TAMS 0x00000000c7c00000, 0x00000000c7c00000| Untracked 
|  99|0x00000000c7d00000, 0x00000000c7d00000, 0x00000000c7e00000|  0%| F|  |TAMS 0x00000000c7d00000, 0x00000000c7d00000| Untracked 
| 100|0x00000000c7e00000, 0x00000000c7e00000, 0x00000000c7f00000|  0%| F|  |TAMS 0x00000000c7e00000, 0x00000000c7e00000| Untracked 
| 101|0x00000000c7f00000, 0x00000000c7f00000, 0x00000000c8000000|  0%| F|  |TAMS 0x00000000c7f00000, 0x00000000c7f00000| Untracked 
| 102|0x00000000c8000000, 0x00000000c8000000, 0x00000000c8100000|  0%| F|  |TAMS 0x00000000c8000000, 0x00000000c8000000| Untracked 
| 103|0x00000000c8100000, 0x00000000c8100000, 0x00000000c8200000|  0%| F|  |TAMS 0x00000000c8100000, 0x00000000c8100000| Untracked 
| 104|0x00000000c8200000, 0x00000000c8200000, 0x00000000c8300000|  0%| F|  |TAMS 0x00000000c8200000, 0x00000000c8200000| Untracked 
| 105|0x00000000c8300000, 0x00000000c8300000, 0x00000000c8400000|  0%| F|  |TAMS 0x00000000c8300000, 0x00000000c8300000| Untracked 
| 106|0x00000000c8400000, 0x00000000c8400000, 0x00000000c8500000|  0%| F|  |TAMS 0x00000000c8400000, 0x00000000c8400000| Untracked 
| 107|0x00000000c8500000, 0x00000000c8500000, 0x00000000c8600000|  0%| F|  |TAMS 0x00000000c8500000, 0x00000000c8500000| Untracked 
| 108|0x00000000c8600000, 0x00000000c8600000, 0x00000000c8700000|  0%| F|  |TAMS 0x00000000c8600000, 0x00000000c8600000| Untracked 
| 109|0x00000000c8700000, 0x00000000c8700000, 0x00000000c8800000|  0%| F|  |TAMS 0x00000000c8700000, 0x00000000c8700000| Untracked 
| 110|0x00000000c8800000, 0x00000000c8800000, 0x00000000c8900000|  0%| F|  |TAMS 0x00000000c8800000, 0x00000000c8800000| Untracked 
| 111|0x00000000c8900000, 0x00000000c8900000, 0x00000000c8a00000|  0%| F|  |TAMS 0x00000000c8900000, 0x00000000c8900000| Untracked 
| 112|0x00000000c8a00000, 0x00000000c8a00000, 0x00000000c8b00000|  0%| F|  |TAMS 0x00000000c8a00000, 0x00000000c8a00000| Untracked 
| 113|0x00000000c8b00000, 0x00000000c8b00000, 0x00000000c8c00000|  0%| F|  |TAMS 0x00000000c8b00000, 0x00000000c8b00000| Untracked 
| 114|0x00000000c8c00000, 0x00000000c8c00000, 0x00000000c8d00000|  0%| F|  |TAMS 0x00000000c8c00000, 0x00000000c8c00000| Untracked 
| 115|0x00000000c8d00000, 0x00000000c8d00000, 0x00000000c8e00000|  0%| F|  |TAMS 0x00000000c8d00000, 0x00000000c8d00000| Untracked 
| 116|0x00000000c8e00000, 0x00000000c8e00000, 0x00000000c8f00000|  0%| F|  |TAMS 0x00000000c8e00000, 0x00000000c8e00000| Untracked 
| 117|0x00000000c8f00000, 0x00000000c8f00000, 0x00000000c9000000|  0%| F|  |TAMS 0x00000000c8f00000, 0x00000000c8f00000| Untracked 
| 118|0x00000000c9000000, 0x00000000c9000000, 0x00000000c9100000|  0%| F|  |TAMS 0x00000000c9000000, 0x00000000c9000000| Untracked 
| 119|0x00000000c9100000, 0x00000000c9100000, 0x00000000c9200000|  0%| F|  |TAMS 0x00000000c9100000, 0x00000000c9100000| Untracked 
| 120|0x00000000c9200000, 0x00000000c9200000, 0x00000000c9300000|  0%| F|  |TAMS 0x00000000c9200000, 0x00000000c9200000| Untracked 
| 121|0x00000000c9300000, 0x00000000c9300000, 0x00000000c9400000|  0%| F|  |TAMS 0x00000000c9300000, 0x00000000c9300000| Untracked 
| 122|0x00000000c9400000, 0x00000000c9400000, 0x00000000c9500000|  0%| F|  |TAMS 0x00000000c9400000, 0x00000000c9400000| Untracked 
| 123|0x00000000c9500000, 0x00000000c9500000, 0x00000000c9600000|  0%| F|  |TAMS 0x00000000c9500000, 0x00000000c9500000| Untracked 
| 124|0x00000000c9600000, 0x00000000c9600000, 0x00000000c9700000|  0%| F|  |TAMS 0x00000000c9600000, 0x00000000c9600000| Untracked 
| 125|0x00000000c9700000, 0x00000000c9700000, 0x00000000c9800000|  0%| F|  |TAMS 0x00000000c9700000, 0x00000000c9700000| Untracked 
| 126|0x00000000c9800000, 0x00000000c9800000, 0x00000000c9900000|  0%| F|  |TAMS 0x00000000c9800000, 0x00000000c9800000| Untracked 
| 127|0x00000000c9900000, 0x00000000c9900000, 0x00000000c9a00000|  0%| F|  |TAMS 0x00000000c9900000, 0x00000000c9900000| Untracked 
| 128|0x00000000c9a00000, 0x00000000c9a00000, 0x00000000c9b00000|  0%| F|  |TAMS 0x00000000c9a00000, 0x00000000c9a00000| Untracked 
| 129|0x00000000c9b00000, 0x00000000c9b00000, 0x00000000c9c00000|  0%| F|  |TAMS 0x00000000c9b00000, 0x00000000c9b00000| Untracked 
| 130|0x00000000c9c00000, 0x00000000c9c00000, 0x00000000c9d00000|  0%| F|  |TAMS 0x00000000c9c00000, 0x00000000c9c00000| Untracked 
| 131|0x00000000c9d00000, 0x00000000c9d00000, 0x00000000c9e00000|  0%| F|  |TAMS 0x00000000c9d00000, 0x00000000c9d00000| Untracked 
| 132|0x00000000c9e00000, 0x00000000c9e00000, 0x00000000c9f00000|  0%| F|  |TAMS 0x00000000c9e00000, 0x00000000c9e00000| Untracked 
| 133|0x00000000c9f00000, 0x00000000c9f00000, 0x00000000ca000000|  0%| F|  |TAMS 0x00000000c9f00000, 0x00000000c9f00000| Untracked 
| 134|0x00000000ca000000, 0x00000000ca100000, 0x00000000ca100000|100%| S|CS|TAMS 0x00000000ca000000, 0x00000000ca000000| Complete 
| 135|0x00000000ca100000, 0x00000000ca100000, 0x00000000ca200000|  0%| F|  |TAMS 0x00000000ca100000, 0x00000000ca100000| Untracked 
| 136|0x00000000ca200000, 0x00000000ca200000, 0x00000000ca300000|  0%| F|  |TAMS 0x00000000ca200000, 0x00000000ca200000| Untracked 
| 137|0x00000000ca300000, 0x00000000ca400000, 0x00000000ca400000|100%| S|CS|TAMS 0x00000000ca300000, 0x00000000ca300000| Complete 
| 138|0x00000000ca400000, 0x00000000ca400000, 0x00000000ca500000|  0%| F|  |TAMS 0x00000000ca400000, 0x00000000ca400000| Untracked 
| 139|0x00000000ca500000, 0x00000000ca500000, 0x00000000ca600000|  0%| F|  |TAMS 0x00000000ca500000, 0x00000000ca500000| Untracked 
| 140|0x00000000ca600000, 0x00000000ca600000, 0x00000000ca700000|  0%| F|  |TAMS 0x00000000ca600000, 0x00000000ca600000| Untracked 
| 141|0x00000000ca700000, 0x00000000ca700000, 0x00000000ca800000|  0%| F|  |TAMS 0x00000000ca700000, 0x00000000ca700000| Untracked 
| 142|0x00000000ca800000, 0x00000000ca800000, 0x00000000ca900000|  0%| F|  |TAMS 0x00000000ca800000, 0x00000000ca800000| Untracked 
| 143|0x00000000ca900000, 0x00000000ca900000, 0x00000000caa00000|  0%| F|  |TAMS 0x00000000ca900000, 0x00000000ca900000| Untracked 
| 144|0x00000000caa00000, 0x00000000caa00000, 0x00000000cab00000|  0%| F|  |TAMS 0x00000000caa00000, 0x00000000caa00000| Untracked 
| 145|0x00000000cab00000, 0x00000000cab00000, 0x00000000cac00000|  0%| F|  |TAMS 0x00000000cab00000, 0x00000000cab00000| Untracked 
| 146|0x00000000cac00000, 0x00000000cac00000, 0x00000000cad00000|  0%| F|  |TAMS 0x00000000cac00000, 0x00000000cac00000| Untracked 
| 147|0x00000000cad00000, 0x00000000cad00000, 0x00000000cae00000|  0%| F|  |TAMS 0x00000000cad00000, 0x00000000cad00000| Untracked 

Card table byte_map: [0x000001adcb5d0000,0x000001adcb7d0000] _byte_map_base: 0x000001adcafc3000

Marking Bits (Prev, Next): (CMBitMap*) 0x000001adb4d42258, (CMBitMap*) 0x000001adb4d42290
 Prev Bits: [0x000001adcb9d0000, 0x000001adcc968000)
 Next Bits: [0x000001adcc970000, 0x000001adcd908000)

Polling page: 0x000001adb2b60000

Metaspace:

Usage:
  Non-class:      5.62 MB capacity,     5.54 MB ( 98%) used,    82.50 KB (  1%) free+waste,     4.19 KB ( <1%) overhead. 
      Class:    543.00 KB capacity,   504.21 KB ( 93%) used,    37.04 KB (  7%) free+waste,     1.75 KB ( <1%) overhead. 
       Both:      6.15 MB capacity,     6.03 MB ( 98%) used,   119.54 KB (  2%) free+waste,     5.94 KB ( <1%) overhead. 

Virtual space:
  Non-class space:        8.00 MB reserved,       5.75 MB ( 72%) committed 
      Class space:        1.00 GB reserved,     640.00 KB ( <1%) committed 
             Both:        1.01 GB reserved,       6.38 MB ( <1%) committed 

Chunk freelists:
   Non-Class:  256 bytes
       Class:  128 bytes
        Both:  384 bytes

CodeHeap 'non-profiled nmethods': size=120064Kb used=294Kb max_used=294Kb free=119769Kb
 bounds [0x000001adc3e90000, 0x000001adc4100000, 0x000001adcb3d0000]
CodeHeap 'profiled nmethods': size=120000Kb used=1247Kb max_used=1247Kb free=118752Kb
 bounds [0x000001adbc960000, 0x000001adbcbd0000, 0x000001adc3e90000]
CodeHeap 'non-nmethods': size=5696Kb used=1031Kb max_used=1054Kb free=4664Kb
 bounds [0x000001adbc3d0000, 0x000001adbc640000, 0x000001adbc960000]
 total_blobs=867 nmethods=561 adapters=218
 compilation: enabled
              stopped_count=0, restarted_count=0
 full_count=0

Compilation events (10 events):
Event: 3902.290 Thread 0x000001add05c1000  560       4       sun.nio.cs.StreamEncoder::writeBytes (132 bytes)
Event: 3902.314 Thread 0x000001add05c1000 nmethod 560 0x000001adc3ed6990 code [0x000001adc3ed6ba0, 0x000001adc3ed77c8]
Event: 3977.605 Thread 0x000001add05c1000  561  s    4       java.io.BufferedOutputStream::flush (12 bytes)
Event: 3977.648 Thread 0x000001add05c1000 nmethod 561 0x000001adc3ed7f10 code [0x000001adc3ed80a0, 0x000001adc3ed8448]
Event: 3977.677 Thread 0x000001add05c1000  562       4       java.lang.String::indexOf (65 bytes)
Event: 3977.689 Thread 0x000001add05c1000 nmethod 562 0x000001adc3ed8610 code [0x000001adc3ed8780, 0x000001adc3ed8ad8]
Event: 4075.712 Thread 0x000001add05c1000  565       4       java.util.regex.Pattern::quote (131 bytes)
Event: 4075.790 Thread 0x000001add05c1000 nmethod 565 0x000001adc3ed8b90 code [0x000001adc3ed8d20, 0x000001adc3ed91b8]
Event: 4075.790 Thread 0x000001add05c1000  566       4       java.util.regex.Pattern$Curly::study (153 bytes)
Event: 4075.822 Thread 0x000001add05c1000 nmethod 566 0x000001adc3ed9310 code [0x000001adc3ed94a0, 0x000001adc3ed9738]

GC Heap History (10 events):
Event: 4077.068 GC heap after
{Heap after GC invocations=32 (full 0):
 garbage-first heap   total 151552K, used 49897K [0x00000000c1a00000, 0x0000000100000000)
  region size 1024K, 1 young (1024K), 1 survivors (1024K)
 Metaspace       used 6175K, capacity 6301K, committed 6528K, reserved 1056768K
  class space    used 504K, capacity 543K, committed 640K, reserved 1048576K
}
Event: 4078.219 GC heap before
{Heap before GC invocations=32 (full 0):
 garbage-first heap   total 151552K, used 57065K [0x00000000c1a00000, 0x0000000100000000)
  region size 1024K, 8 young (8192K), 1 survivors (1024K)
 Metaspace       used 6175K, capacity 6301K, committed 6528K, reserved 1056768K
  class space    used 504K, capacity 543K, committed 640K, reserved 1048576K
}
Event: 4078.343 GC heap after
{Heap after GC invocations=33 (full 0):
 garbage-first heap   total 151552K, used 50738K [0x00000000c1a00000, 0x0000000100000000)
  region size 1024K, 1 young (1024K), 1 survivors (1024K)
 Metaspace       used 6175K, capacity 6301K, committed 6528K, reserved 1056768K
  class space    used 504K, capacity 543K, committed 640K, reserved 1048576K
}
Event: 4087.344 GC heap before
{Heap before GC invocations=33 (full 0):
 garbage-first heap   total 151552K, used 57906K [0x00000000c1a00000, 0x0000000100000000)
  region size 1024K, 8 young (8192K), 1 survivors (1024K)
 Metaspace       used 6175K, capacity 6301K, committed 6528K, reserved 1056768K
  class space    used 504K, capacity 543K, committed 640K, reserved 1048576K
}
Event: 4087.348 GC heap after
{Heap after GC invocations=34 (full 0):
 garbage-first heap   total 151552K, used 51537K [0x00000000c1a00000, 0x0000000100000000)
  region size 1024K, 1 young (1024K), 1 survivors (1024K)
 Metaspace       used 6175K, capacity 6301K, committed 6528K, reserved 1056768K
  class space    used 504K, capacity 543K, committed 640K, reserved 1048576K
}
Event: 4100.434 GC heap before
{Heap before GC invocations=34 (full 0):
 garbage-first heap   total 151552K, used 59729K [0x00000000c1a00000, 0x0000000100000000)
  region size 1024K, 9 young (9216K), 1 survivors (1024K)
 Metaspace       used 6175K, capacity 6301K, committed 6528K, reserved 1056768K
  class space    used 504K, capacity 543K, committed 640K, reserved 1048576K
}
Event: 4100.474 GC heap after
{Heap after GC invocations=35 (full 0):
 garbage-first heap   total 151552K, used 52367K [0x00000000c1a00000, 0x0000000100000000)
  region size 1024K, 2 young (2048K), 2 survivors (2048K)
 Metaspace       used 6175K, capacity 6301K, committed 6528K, reserved 1056768K
  class space    used 504K, capacity 543K, committed 640K, reserved 1048576K
}
Event: 4102.734 GC heap before
{Heap before GC invocations=35 (full 0):
 garbage-first heap   total 151552K, used 61583K [0x00000000c1a00000, 0x0000000100000000)
  region size 1024K, 11 young (11264K), 2 survivors (2048K)
 Metaspace       used 6175K, capacity 6301K, committed 6528K, reserved 1056768K
  class space    used 504K, capacity 543K, committed 640K, reserved 1048576K
}
Event: 4102.774 GC heap after
{Heap after GC invocations=36 (full 0):
 garbage-first heap   total 151552K, used 53457K [0x00000000c1a00000, 0x0000000100000000)
  region size 1024K, 2 young (2048K), 2 survivors (2048K)
 Metaspace       used 6175K, capacity 6301K, committed 6528K, reserved 1056768K
  class space    used 504K, capacity 543K, committed 640K, reserved 1048576K
}
Event: 4104.571 GC heap before
{Heap before GC invocations=36 (full 0):
 garbage-first heap   total 151552K, used 62673K [0x00000000c1a00000, 0x0000000100000000)
  region size 1024K, 12 young (12288K), 2 survivors (2048K)
 Metaspace       used 6175K, capacity 6301K, committed 6528K, reserved 1056768K
  class space    used 504K, capacity 543K, committed 640K, reserved 1048576K
}

Deoptimization events (1 events):
Event: 0.210 Thread 0x000001adb4d1b000 Uncommon trap: reason=unstable_if action=reinterpret pc=0x000001adc3e93f24 method=java.lang.String.hashCode()I @ 14 c2

Classes redefined (0 events):
No events

Internal exceptions (10 events):
Event: 4104.564 Thread 0x000001adb4d1b000 Exception <a 'java/io/IOException'{0x00000000ca4b1548}> (0x00000000ca4b1548) thrown at [./open/src/hotspot/share/prims/jni.cpp, line 611]
Event: 4104.564 Thread 0x000001adb4d1b000 Exception <a 'java/io/IOException'{0x00000000ca4b6ae0}> (0x00000000ca4b6ae0) thrown at [./open/src/hotspot/share/prims/jni.cpp, line 611]
Event: 4104.564 Thread 0x000001adb4d1b000 Exception <a 'java/io/IOException'{0x00000000ca4bc048}> (0x00000000ca4bc048) thrown at [./open/src/hotspot/share/prims/jni.cpp, line 611]
Event: 4104.565 Thread 0x000001adb4d1b000 Exception <a 'java/io/IOException'{0x00000000ca4cf1e0}> (0x00000000ca4cf1e0) thrown at [./open/src/hotspot/share/prims/jni.cpp, line 611]
Event: 4104.565 Thread 0x000001adb4d1b000 Exception <a 'java/io/IOException'{0x00000000ca4d4778}> (0x00000000ca4d4778) thrown at [./open/src/hotspot/share/prims/jni.cpp, line 611]
Event: 4104.565 Thread 0x000001adb4d1b000 Exception <a 'java/io/IOException'{0x00000000ca4d9ce0}> (0x00000000ca4d9ce0) thrown at [./open/src/hotspot/share/prims/jni.cpp, line 611]
Event: 4104.568 Thread 0x000001adb4d1b000 Exception <a 'java/io/IOException'{0x00000000ca4e22a8}> (0x00000000ca4e22a8) thrown at [./open/src/hotspot/share/prims/jni.cpp, line 611]
Event: 4104.569 Thread 0x000001adb4d1b000 Exception <a 'java/io/IOException'{0x00000000ca4e7810}> (0x00000000ca4e7810) thrown at [./open/src/hotspot/share/prims/jni.cpp, line 611]
Event: 4104.569 Thread 0x000001adb4d1b000 Exception <a 'java/io/IOException'{0x00000000ca4ecda8}> (0x00000000ca4ecda8) thrown at [./open/src/hotspot/share/prims/jni.cpp, line 611]
Event: 4104.569 Thread 0x000001adb4d1b000 Exception <a 'java/io/IOException'{0x00000000ca4f2310}> (0x00000000ca4f2310) thrown at [./open/src/hotspot/share/prims/jni.cpp, line 611]

Events (10 events):
Event: 4077.068 Executing VM operation: G1CollectForAllocation done
Event: 4078.219 Executing VM operation: G1CollectForAllocation
Event: 4078.343 Executing VM operation: G1CollectForAllocation done
Event: 4087.343 Executing VM operation: G1CollectForAllocation
Event: 4087.348 Executing VM operation: G1CollectForAllocation done
Event: 4100.434 Executing VM operation: G1CollectForAllocation
Event: 4100.474 Executing VM operation: G1CollectForAllocation done
Event: 4102.734 Executing VM operation: G1CollectForAllocation
Event: 4102.774 Executing VM operation: G1CollectForAllocation done
Event: 4104.569 Executing VM operation: G1CollectForAllocation


Dynamic libraries:
0x00007ff7da070000 - 0x00007ff7da07f000 	C:\Program Files\Java\jdk-11.0.15.1\bin\javaw.exe
0x00007ffb97f50000 - 0x00007ffb98145000 	C:\WINDOWS\SYSTEM32\ntdll.dll
0x00007ffb96820000 - 0x00007ffb968dd000 	C:\WINDOWS\System32\KERNEL32.DLL
0x00007ffb956c0000 - 0x00007ffb95988000 	C:\WINDOWS\System32\KERNELBASE.dll
0x00007ffb95d50000 - 0x00007ffb95e50000 	C:\WINDOWS\System32\ucrtbase.dll
0x00007ffb84b20000 - 0x00007ffb84b38000 	C:\Program Files\Java\jdk-11.0.15.1\bin\jli.dll
0x00007ffb963a0000 - 0x00007ffb9644c000 	C:\WINDOWS\System32\ADVAPI32.dll
0x00007ffb976a0000 - 0x00007ffb9773e000 	C:\WINDOWS\System32\msvcrt.dll
0x00007ffb96b20000 - 0x00007ffb96bbb000 	C:\WINDOWS\System32\sechost.dll
0x00007ffb96190000 - 0x00007ffb962bb000 	C:\WINDOWS\System32\RPCRT4.dll
0x00007ffb97070000 - 0x00007ffb97210000 	C:\WINDOWS\System32\USER32.dll
0x00007ffb95c30000 - 0x00007ffb95c52000 	C:\WINDOWS\System32\win32u.dll
0x00007ffb97760000 - 0x00007ffb9778a000 	C:\WINDOWS\System32\GDI32.dll
0x00007ffb95ee0000 - 0x00007ffb95feb000 	C:\WINDOWS\System32\gdi32full.dll
0x00007ffb95c60000 - 0x00007ffb95cfd000 	C:\WINDOWS\System32\msvcp_win.dll
0x00007ffb84b00000 - 0x00007ffb84b15000 	C:\Program Files\Java\jdk-11.0.15.1\bin\VCRUNTIME140.dll
0x00007ffb899b0000 - 0x00007ffb899ba000 	C:\WINDOWS\SYSTEM32\VERSION.dll
0x00007ffb8a250000 - 0x00007ffb8a4ea000 	C:\WINDOWS\WinSxS\amd64_microsoft.windows.common-controls_6595b64144ccf1df_6.0.19041.1052_none_60b8f8fd71f5e8cb\COMCTL32.dll
0x00007ffb96bd0000 - 0x00007ffb96c00000 	C:\WINDOWS\System32\IMM32.DLL
0x00007ffb74700000 - 0x00007ffb7479b000 	C:\Program Files\Java\jdk-11.0.15.1\bin\msvcp140.dll
0x00007ffb3b300000 - 0x00007ffb3be16000 	C:\Program Files\Java\jdk-11.0.15.1\bin\server\jvm.dll
0x00007ffb96bc0000 - 0x00007ffb96bc8000 	C:\WINDOWS\System32\PSAPI.DLL
0x00007ffb8ac70000 - 0x00007ffb8ac97000 	C:\WINDOWS\SYSTEM32\WINMM.dll
0x00007ffb78740000 - 0x00007ffb78749000 	C:\WINDOWS\SYSTEM32\WSOCK32.dll
0x00007ffb96450000 - 0x00007ffb964bb000 	C:\WINDOWS\System32\WS2_32.dll
0x00007ffb93fe0000 - 0x00007ffb93ff2000 	C:\WINDOWS\SYSTEM32\kernel.appcore.dll
0x00007ffb92c70000 - 0x00007ffb92c80000 	C:\Program Files\Java\jdk-11.0.15.1\bin\verify.dll
0x00007ffb93d70000 - 0x00007ffb93f54000 	C:\WINDOWS\SYSTEM32\DBGHELP.DLL
0x00007ffb87ba0000 - 0x00007ffb87bcc000 	C:\WINDOWS\SYSTEM32\dbgcore.DLL
0x00007ffb95e50000 - 0x00007ffb95ed3000 	C:\WINDOWS\System32\bcryptPrimitives.dll
0x00007ffb783d0000 - 0x00007ffb783f8000 	C:\Program Files\Java\jdk-11.0.15.1\bin\java.dll
0x00007ffb908f0000 - 0x00007ffb908fa000 	C:\Program Files\Java\jdk-11.0.15.1\bin\jimage.dll
0x00007ffb80160000 - 0x00007ffb80176000 	C:\Program Files\Java\jdk-11.0.15.1\bin\zip.dll
0x00007ffb97790000 - 0x00007ffb97ecf000 	C:\WINDOWS\System32\SHELL32.dll
0x00007ffb93520000 - 0x00007ffb93cb0000 	C:\WINDOWS\SYSTEM32\windows.storage.dll
0x00007ffb964c0000 - 0x00007ffb96815000 	C:\WINDOWS\System32\combase.dll
0x00007ffb95060000 - 0x00007ffb9508c000 	C:\WINDOWS\SYSTEM32\Wldp.dll
0x00007ffb97590000 - 0x00007ffb9763e000 	C:\WINDOWS\System32\SHCORE.dll
0x00007ffb97640000 - 0x00007ffb97695000 	C:\WINDOWS\System32\shlwapi.dll
0x00007ffb95600000 - 0x00007ffb9561f000 	C:\WINDOWS\SYSTEM32\profapi.dll

dbghelp: loaded successfully - version: 4.0.5 - missing functions: none
symbol engine: initialized successfully - sym options: 0x614 - pdb path: .;C:\Program Files\Java\jdk-11.0.15.1\bin;C:\WINDOWS\SYSTEM32;C:\WINDOWS\WinSxS\amd64_microsoft.windows.common-controls_6595b64144ccf1df_6.0.19041.1052_none_60b8f8fd71f5e8cb;C:\Program Files\Java\jdk-11.0.15.1\bin\server

VM Arguments:
jvm_args: -Dfile.encoding=Cp1252 
java_command: akash.finalproject.SuperBondMain
java_class_path (initial): E:\JavaWorkspace\JavaPracticeProject\bin
Launcher Type: SUN_STANDARD

[Global flags]
     intx CICompilerCount                          = 3                                         {product} {ergonomic}
     uint ConcGCThreads                            = 1                                         {product} {ergonomic}
     uint G1ConcRefinementThreads                  = 4                                         {product} {ergonomic}
   size_t G1HeapRegionSize                         = 1048576                                   {product} {ergonomic}
    uintx GCDrainStackTargetSize                   = 64                                        {product} {ergonomic}
   size_t InitialHeapSize                          = 67108864                                  {product} {ergonomic}
   size_t MarkStackSize                            = 4194304                                   {product} {ergonomic}
   size_t MaxHeapSize                              = 1046478848                                {product} {ergonomic}
   size_t MaxNewSize                               = 627048448                                 {product} {ergonomic}
   size_t MinHeapDeltaBytes                        = 1048576                                   {product} {ergonomic}
    uintx NonNMethodCodeHeapSize                   = 5830732                                {pd product} {ergonomic}
    uintx NonProfiledCodeHeapSize                  = 122913754                              {pd product} {ergonomic}
    uintx ProfiledCodeHeapSize                     = 122913754                              {pd product} {ergonomic}
    uintx ReservedCodeCacheSize                    = 251658240                              {pd product} {ergonomic}
     bool SegmentedCodeCache                       = true                                      {product} {ergonomic}
     bool UseCompressedClassPointers               = true                                 {lp64_product} {ergonomic}
     bool UseCompressedOops                        = true                                 {lp64_product} {ergonomic}
     bool UseG1GC                                  = true                                      {product} {ergonomic}
     bool UseLargePagesIndividualAllocation        = false                                  {pd product} {ergonomic}

Logging:
Log output configuration:
 #0: stdout all=warning uptime,level,tags
 #1: stderr all=off uptime,level,tags

Environment Variables:
JAVA_HOME=C:\Program Files\Java\jdk-11.0.15.1
PATH=C:\Program Files\Common Files\Oracle\Java\javapath;C:\Program Files (x86)\Common Files\Oracle\Java\javapath;C:\Python310\Scripts\;C:\Python310\;C:\Python39\Scripts\;C:\Python39\;C:\Program Files (x86)\Intel\iCLS Client\;C:\Program Files\Intel\iCLS Client\;C:\Program Files (x86)\AMD APP\bin\x86_64;C:\Program Files (x86)\AMD APP\bin\x86;C:\WINDOWS\system32;C:\WINDOWS;C:\WINDOWS\System32\Wbem;C:\WINDOWS\System32\WindowsPowerShell\v1.0\;C:\Program Files (x86)\Windows Live\Shared;C:\Program Files (x86)\Intel\OpenCL SDK\3.0\bin\x86;C:\Program Files (x86)\Intel\OpenCL SDK\3.0\bin\x64;C:\Program Files (x86)\ATI Technologies\ATI.ACE\Core-Static;C:\Program Files\Intel\Intel(R) Management Engine Components\DAL;C:\Program Files\Intel\Intel(R) Management Engine Components\IPT;C:\Program Files (x86)\Intel\Intel(R) Management Engine Components\DAL;C:\Program Files (x86)\Intel\Intel(R) Management Engine Components\IPT;C:\WINDOWS\System32\OpenSSH\;C:\ProgramData\chocolatey\bin;C:\Program Files\MongoDB\Server\4.4\bin;C:\Program Files\nodejs\;C:\Program Files\Git\cmd;C:\Program Files\Java\jdk-11.0.15.1\bin;C:\Users\Akash\AppData\Local\Microsoft\WindowsApps;C:\Users\Akash\AppData\Local\Programs\Microsoft VS Code\bin;C:\Program Files\MongoDB\Server\4.4\bin;C:\Users\Akash\AppData\Roaming\npm;C:\Users\Akash\AppData\Local\GitHubDesktop\bin
USERNAME=Akash
OS=Windows_NT
PROCESSOR_IDENTIFIER=Intel64 Family 6 Model 58 Stepping 9, GenuineIntel



---------------  S Y S T E M  ---------------

OS: Windows 10 , 64 bit Build 19041 (10.0.19041.1023)

CPU:total 4 (initial active 4) (2 cores per cpu, 2 threads per core) family 6 model 58 stepping 9 microcode 0x21, cmov, cx8, fxsr, mmx, sse, sse2, sse3, ssse3, sse4.1, sse4.2, popcnt, avx, clmul, erms, ht, tsc, tscinvbit, tscinv

Memory: 4k page, system-wide physical 3988M (18M free)
TotalPageFile size 16271M (AvailPageFile size 25M)
current process WorkingSet (physical memory assigned to process): 27M, peak: 70M
current process commit charge ("private bytes"): 218M, peak: 514M

vm_info: Java HotSpot(TM) 64-Bit Server VM (11.0.15.1+2-LTS-10) for windows-amd64 JRE (11.0.15.1+2-LTS-10), built on Apr 25 2022 21:51:57 by "mach5one" with MS VC++ 15.9 (VS2017)

END.
